###############################################################################
#
# IAR ANSI C/C++ Compiler V7.30.1.7746/W32 for ARM        28/Sep/2015  14:43:23
# Copyright 1999-2014 IAR Systems AB.
#
#    Cpu mode     =  thumb
#    Endian       =  little
#    Source file  =  
#        C:\SiliconLabs\Thread-1.0.1\app\thread\plugin\address-configuration-debug\address-configuration-debug.c
#    Command line =  
#        C:\SiliconLabs\Thread-1.0.1\app\thread\plugin\address-configuration-debug\address-configuration-debug.c
#        -D APP_BTL -D CORTEXM3 -D CORTEXM3_EMBER_MICRO -D CORTEXM3_EM3588 -D
#        PHY_EM3XX -D "BOARD_HEADER=\"thread-board.h\"" -D
#        "CONFIGURATION_HEADER=\"thread-configuration.h\"" -D
#        "PLATFORM_HEADER=\"hal/micro/cortexm3/compiler/iar.h\"" -D
#        "__SOURCEFILE__=\"address-configuration-debug.c\"" -D BOARD_DEV0680ETM
#        -D "EMBER_AF_API_EMBER_TYPES=\"stack/include/ember-types.h\"" -D
#        EMBER_STACK_IP -D EMBER_RIP_STACK -D HAVE_TLS_JPAKE -D
#        DEBUG_LEVEL=FULL_DEBUG -D
#        "APPLICATION_TOKEN_HEADER=\"thread-token.h\"" -lC
#        C:\SiliconLabs\Thread-1.0.1\app\Thread_Sample_Client\build\lst\
#        --diag_suppress Pa050 -o
#        C:\SiliconLabs\Thread-1.0.1\app\Thread_Sample_Client\build\obj\
#        --debug --endian=little --cpu=Cortex-M3 --no_path_in_file_macros
#        --separate_cluster_for_initialized_variables -e --fpu=None
#        --dlib_config "C:\Program Files (x86)\IAR Systems\Embedded Workbench
#        7.0\arm\INC\c\DLib_Config_Normal.h" -I
#        C:\SiliconLabs\Thread-1.0.1\app\thread\plugin\address-configuration-debug\
#        -I C:\SiliconLabs\Thread-1.0.1\app\Thread_Sample_Client\ -I
#        C:\SiliconLabs\Thread-1.0.1\app\Thread_Sample_Client\..\..\ -I
#        C:\SiliconLabs\Thread-1.0.1\app\Thread_Sample_Client\..\..\app\util\
#        -I C:\SiliconLabs\Thread-1.0.1\app\Thread_Sample_Client\..\..\stack\
#        -I C:\SiliconLabs\Thread-1.0.1\app\Thread_Sample_Client\..\..\hal\ -I
#        C:\SiliconLabs\Thread-1.0.1\app\Thread_Sample_Client\..\..\hal\..\
#        -Ohz --use_c++_inline
#    List file    =  
#        C:\SiliconLabs\Thread-1.0.1\app\Thread_Sample_Client\build\lst\address-configuration-debug.lst
#    Object file  =  
#        C:\SiliconLabs\Thread-1.0.1\app\Thread_Sample_Client\build\obj\address-configuration-debug.o
#
###############################################################################

C:\SiliconLabs\Thread-1.0.1\app\thread\plugin\address-configuration-debug\address-configuration-debug.c
      1          // Copyright 2015 Silicon Laboratories, Inc.
      2          
      3          #include PLATFORM_HEADER
      4          #include CONFIGURATION_HEADER
      5          #include EMBER_AF_API_STACK
      6          #include EMBER_AF_API_HAL
      7          #ifdef EMBER_AF_API_DEBUG_PRINT
      8            #include EMBER_AF_API_DEBUG_PRINT
      9          #endif
     10          
     11          #ifndef ALIAS
     12            #define ALIAS(x) x
     13          #endif
     14          

   \                                 In section .text, align 2, keep-with-next
     15          void ALIAS(emberAddressConfigurationChange)(const EmberIpv6Address *address,
     16                                                      uint32_t validLifetime,
     17                                                      uint32_t preferredLifetime,
     18                                                      uint8_t addressFlags)
     19          {
   \                     emberAddressConfigurationChange: (+1)
   \   00000000   0xB510             PUSH     {R4,LR}
   \   00000002   0x4604             MOV      R4,R0
     20            emberAfCorePrint("%p ",
     21                             (addressFlags == 0 || validLifetime != 0
     22                              ? "Bound to"
     23                              : "Unbound from"));
   \   00000004   0xB103             CBZ.N    R3,??emberAddressConfigurationChange_0
   \   00000006   0xB111             CBZ.N    R1,??emberAddressConfigurationChange_1
   \                     ??emberAddressConfigurationChange_0: (+1)
   \   00000008   0x.... 0x....      ADR.W    R2,?_1
   \   0000000C   0xE001             B.N      ??emberAddressConfigurationChange_2
   \                     ??emberAddressConfigurationChange_1: (+1)
   \   0000000E   0x.... 0x....      ADR.W    R2,?_2
   \                     ??emberAddressConfigurationChange_2: (+1)
   \   00000012   0x....             ADR.N    R1,??DataTable4  ;; "%p "
   \   00000014   0x2001             MOVS     R0,#+1
   \   00000016   0x.... 0x....      BL       emberAfPrint
     24            emberAfCoreDebugExec(emberAfPrintIpv6Address(address));
   \   0000001A   0x2001             MOVS     R0,#+1
   \   0000001C   0x.... 0x....      BL       emberAfPrintEnabled
   \   00000020   0xB110             CBZ.N    R0,??emberAddressConfigurationChange_3
   \   00000022   0x4620             MOV      R0,R4
   \   00000024   0x.... 0x....      BL       emberAfPrintIpv6Address
     25            emberAfCorePrintln("");
   \                     ??emberAddressConfigurationChange_3: (+1)
   \   00000028   0xE8BD 0x4010      POP      {R4,LR}
   \   0000002C   0x....             ADR.N    R1,??DataTable4_1  ;; ""
   \   0000002E   0x2001             MOVS     R0,#+1
   \   00000030   0x.... 0x....      B.W      emberAfPrintln
     26          }

   \                                 In section .text, align 4, keep-with-next
   \                     ??DataTable4:
   \   00000000   0x25 0x70          DC8      "%p "
   \              0x20 0x00    

   \                                 In section .text, align 4, keep-with-next
   \                     ??DataTable4_1:
   \   00000000   0x00 0x00          DC8      "",0x0,0x0,0x0
   \              0x00 0x00    

   \                                 In section .rodata, align 4, keep-with-next
   \                     ?_0:
   \   00000000   0x25 0x70          DC8 "%p "
   \              0x20 0x00    

   \                                 In section .rodata, align 1, keep-with-next
   \                     ?_3:
   \   00000000   0x00               DC8 ""

   \                                 In section .text, align 4, keep-with-next
   \                     ?_1:
   \   00000000   0x42 0x6F          DC8 "Bound to"
   \              0x75 0x6E    
   \              0x64 0x20    
   \              0x74 0x6F    
   \              0x00         
   \   00000009   0x00 0x00          DC8 0, 0, 0
   \              0x00         

   \                                 In section .text, align 4, keep-with-next
   \                     ?_2:
   \   00000000   0x55 0x6E          DC8 "Unbound from"
   \              0x62 0x6F    
   \              0x75 0x6E    
   \              0x64 0x20    
   \              0x66 0x72    
   \              0x6F 0x6D    
   \              0x00         
   \   0000000D   0x00 0x00          DC8 0, 0, 0
   \              0x00         

   Maximum stack usage in bytes:

   .cstack Function
   ------- --------
       8   emberAddressConfigurationChange
         8   -> emberAfPrint
         8   -> emberAfPrintEnabled
         8   -> emberAfPrintIpv6Address
         0   -> emberAfPrintln


   Section sizes:

   Bytes  Function/Label
   -----  --------------
       4  ??DataTable4
       4  ??DataTable4_1
       4  ?_0
      12  ?_1
      16  ?_2
       1  ?_3
      52  emberAddressConfigurationChange

 
  5 bytes in section .rodata
 88 bytes in section .text
 
 88 bytes of CODE  memory
  5 bytes of CONST memory

Errors: none
Warnings: none
