###############################################################################
#
# IAR ANSI C/C++ Compiler V7.30.1.7746/W32 for ARM        28/Sep/2015  14:43:38
# Copyright 1999-2014 IAR Systems AB.
#
#    Cpu mode     =  thumb
#    Endian       =  little
#    Source file  =  
#        C:\SiliconLabs\Thread-1.0.1\app\Thread_Sample_Client\thread-cli.c
#    Command line =  
#        C:\SiliconLabs\Thread-1.0.1\app\Thread_Sample_Client\thread-cli.c -D
#        APP_BTL -D CORTEXM3 -D CORTEXM3_EMBER_MICRO -D CORTEXM3_EM3588 -D
#        PHY_EM3XX -D "BOARD_HEADER=\"thread-board.h\"" -D
#        "CONFIGURATION_HEADER=\"thread-configuration.h\"" -D
#        "PLATFORM_HEADER=\"hal/micro/cortexm3/compiler/iar.h\"" -D
#        "__SOURCEFILE__=\"thread-cli.c\"" -D BOARD_DEV0680ETM -D
#        "EMBER_AF_API_EMBER_TYPES=\"stack/include/ember-types.h\"" -D
#        EMBER_STACK_IP -D EMBER_RIP_STACK -D HAVE_TLS_JPAKE -D
#        DEBUG_LEVEL=FULL_DEBUG -D
#        "APPLICATION_TOKEN_HEADER=\"thread-token.h\"" -lC
#        C:\SiliconLabs\Thread-1.0.1\app\Thread_Sample_Client\build\lst\
#        --diag_suppress Pa050 -o
#        C:\SiliconLabs\Thread-1.0.1\app\Thread_Sample_Client\build\obj\
#        --debug --endian=little --cpu=Cortex-M3 --no_path_in_file_macros
#        --separate_cluster_for_initialized_variables -e --fpu=None
#        --dlib_config "C:\Program Files (x86)\IAR Systems\Embedded Workbench
#        7.0\arm\INC\c\DLib_Config_Normal.h" -I
#        C:\SiliconLabs\Thread-1.0.1\app\Thread_Sample_Client\ -I
#        C:\SiliconLabs\Thread-1.0.1\app\Thread_Sample_Client\ -I
#        C:\SiliconLabs\Thread-1.0.1\app\Thread_Sample_Client\..\..\ -I
#        C:\SiliconLabs\Thread-1.0.1\app\Thread_Sample_Client\..\..\app\util\
#        -I C:\SiliconLabs\Thread-1.0.1\app\Thread_Sample_Client\..\..\stack\
#        -I C:\SiliconLabs\Thread-1.0.1\app\Thread_Sample_Client\..\..\hal\ -I
#        C:\SiliconLabs\Thread-1.0.1\app\Thread_Sample_Client\..\..\hal\..\
#        -Ohz --use_c++_inline
#    List file    =  
#        C:\SiliconLabs\Thread-1.0.1\app\Thread_Sample_Client\build\lst\thread-cli.lst
#    Object file  =  
#        C:\SiliconLabs\Thread-1.0.1\app\Thread_Sample_Client\build\obj\thread-cli.o
#
###############################################################################

C:\SiliconLabs\Thread-1.0.1\app\Thread_Sample_Client\thread-cli.c
      1          // This file is generated by Ember Desktop.  Please do not edit manually.
      2          //
      3          //
      4          
      5          // This file contains the mapping for the command line configuration
      6          
      7          #include PLATFORM_HEADER
      8          #include CONFIGURATION_HEADER
      9          #include EMBER_AF_API_EMBER_TYPES
     10          #include EMBER_AF_API_COMMAND_INTERPRETER2
     11          
     12          void attachCommand(void);
     13          void coapGetCommand(void);
     14          void coapPostCommand(void);

   \                                 In section .rodata, align 4, keep-with-next
     15          static EmberCommandEntry coapTable[] = {
   \                     coapTable:
   \   00000000   0x........         DC32 ?_0, coapGetCommand, ?_1, ?_2, ?_3, coapPostCommand, ?_4, ?_2, 0H
   \              0x........   
   \              0x........   
   \              0x........   
   \              0x........   
   \              0x........   
   \              0x........   
   \              0x........   
   \              0x00000000   
   \   00000024   0x00000000         DC32 0H, 0H, 0H
   \              0x00000000   
   \              0x00000000   
     16            emberCommandEntryAction("get", coapGetCommand, "bb", ""),
     17            emberCommandEntryAction("post", coapPostCommand, "bbb", ""),
     18            emberCommandEntryTerminator(),
     19          };
     20          void detachCommand(void);
     21          void emberPrintCommandTable(void);
     22          void icmpListenCommand(void);
     23          void icmpPingCommand(void);

   \                                 In section .rodata, align 4, keep-with-next
     24          static EmberCommandEntry icmpTable[] = {
   \                     icmpTable:
   \   00000000   0x........         DC32 ?_5, icmpListenCommand, ?_6, ?_2, ?_7, icmpPingCommand, ?_8, ?_2
   \              0x........   
   \              0x........   
   \              0x........   
   \              0x........   
   \              0x........   
   \              0x........   
   \              0x........   
   \   00000020   0x00000000         DC32 0H, 0H, 0H, 0H
   \              0x00000000   
   \              0x00000000   
   \              0x00000000   
     25            emberCommandEntryAction("listen", icmpListenCommand, "b", ""),
     26            emberCommandEntryAction("ping", icmpPingCommand, "bv*", ""),
     27            emberCommandEntryTerminator(),
     28          };
     29          void networkManagementInfoCommand(void);
     30          void emberAttachToNetwork(void);
     31          void networkManagementCommissionCommand(void);
     32          void networkManagementCommissioningStartCommand(void);
     33          void emberStopCommissioning(void);

   \                                 In section .rodata, align 4, keep-with-next
     34          static EmberCommandEntry commissioningTable[] = {
   \                     commissioningTable:
   \   00000000   0x........         DC32 ?_9, networkManagementCommissioningStartCommand, ?_6, ?_2, ?_10
   \              0x........   
   \              0x........   
   \              0x........   
   \              0x........   
   \   00000014   0x........         DC32 emberStopCommissioning, ?_2, ?_2, 0H, 0H, 0H, 0H
   \              0x........   
   \              0x........   
   \              0x00000000   
   \              0x00000000   
   \              0x00000000   
   \              0x00000000   
     35            emberCommandEntryAction("start", networkManagementCommissioningStartCommand, "b", ""),
     36            emberCommandEntryAction("stop", emberStopCommissioning, "", ""),
     37            emberCommandEntryTerminator(),
     38          };
     39          void networkManagementFormCommand(void);
     40          void networkManagementConfigureGatewayCommand(void);
     41          void networkManagementGetGlobalAddressesCommand(void);
     42          void emberGetGlobalPrefixes(void);
     43          void networkManagementJoinCommand(void);
     44          void networkManagementJoinCommissionedCommand(void);
     45          void emberResetNetworkState(void);
     46          void emberResumeNetwork(void);
     47          void networkManagementScanCommand(void);
     48          void networkManagementScanCommand(void);
     49          void emberStopScan(void);

   \                                 In section .rodata, align 4, keep-with-next
     50          static EmberCommandEntry scanTable[] = {
   \                     scanTable:
   \   00000000   0x........         DC32 ?_11, networkManagementScanCommand, ?_12, ?_2, ?_13
   \              0x........   
   \              0x........   
   \              0x........   
   \              0x........   
   \   00000014   0x........         DC32 networkManagementScanCommand, ?_12, ?_2, ?_10, emberStopScan, ?_2
   \              0x........   
   \              0x........   
   \              0x........   
   \              0x........   
   \              0x........   
   \   0000002C   0x........         DC32 ?_2, 0H, 0H, 0H, 0H
   \              0x00000000   
   \              0x00000000   
   \              0x00000000   
   \              0x00000000   
     51            emberCommandEntryAction("active", networkManagementScanCommand, "u*", ""),
     52            emberCommandEntryAction("energy", networkManagementScanCommand, "u*", ""),
     53            emberCommandEntryAction("stop", emberStopScan, "", ""),
     54            emberCommandEntryTerminator(),
     55          };
     56          void networkManagementSetJoinKeyCommand(void);
     57          void networkManagementSetJoiningModeCommand(void);
     58          void networkManagementSetMasterKeyCommand(void);
     59          void networkManagementSteeringAddCommand(void);
     60          void emberSendSteeringData(void);

   \                                 In section .rodata, align 4, keep-with-next
     61          static EmberCommandEntry steeringTable[] = {
   \                     steeringTable:
   \   00000000   0x........         DC32 ?_14, networkManagementSteeringAddCommand, ?_6, ?_2, ?_15
   \              0x........   
   \              0x........   
   \              0x........   
   \              0x........   
   \   00000014   0x........         DC32 emberSendSteeringData, ?_2, ?_2, 0H, 0H, 0H, 0H
   \              0x........   
   \              0x........   
   \              0x00000000   
   \              0x00000000   
   \              0x00000000   
   \              0x00000000   
     62            emberCommandEntryAction("add", networkManagementSteeringAddCommand, "b", ""),
     63            emberCommandEntryAction("send", emberSendSteeringData, "", ""),
     64            emberCommandEntryTerminator(),
     65          };

   \                                 In section .rodata, align 4, keep-with-next
     66          static EmberCommandEntry networkManagementTable[] = {
   \                     networkManagementTable:
   \   00000000   0x........         DC32 ?_16, emberAttachToNetwork, ?_2, ?_2, ?_17
   \              0x........   
   \              0x........   
   \              0x........   
   \              0x........   
   \   00000014   0x........         DC32 networkManagementCommissionCommand, ?_18, ?_2, ?_19, 0H
   \              0x........   
   \              0x........   
   \              0x........   
   \              0x00000000   
   \   00000028   0x........         DC32 commissioningTable, ?_2, ?_20, networkManagementFormCommand, ?_21
   \              0x........   
   \              0x........   
   \              0x........   
   \              0x........   
   \   0000003C   0x........         DC32 ?_2, ?_22, networkManagementConfigureGatewayCommand, ?_23, ?_2
   \              0x........   
   \              0x........   
   \              0x........   
   \              0x........   
   \   00000050   0x........         DC32 ?_24, networkManagementGetGlobalAddressesCommand, ?_25, ?_2, ?_26
   \              0x........   
   \              0x........   
   \              0x........   
   \              0x........   
   \   00000064   0x........         DC32 emberGetGlobalPrefixes, ?_2, ?_2, ?_27
   \              0x........   
   \              0x........   
   \              0x........   
   \   00000074   0x........         DC32 networkManagementJoinCommand, ?_28, ?_2, ?_29
   \              0x........   
   \              0x........   
   \              0x........   
   \   00000084   0x........         DC32 networkManagementJoinCommissionedCommand, ?_30, ?_2, ?_31
   \              0x........   
   \              0x........   
   \              0x........   
   \   00000094   0x........         DC32 emberResetNetworkState, ?_2, ?_2, ?_32, emberResumeNetwork, ?_2
   \              0x........   
   \              0x........   
   \              0x........   
   \              0x........   
   \              0x........   
   \   000000AC   0x........         DC32 ?_2, ?_33, 0H, scanTable, ?_2, ?_34
   \              0x........   
   \              0x00000000   
   \              0x........   
   \              0x........   
   \              0x........   
   \   000000C4   0x........         DC32 networkManagementSetJoinKeyCommand, ?_35, ?_2, ?_36
   \              0x........   
   \              0x........   
   \              0x........   
   \   000000D4   0x........         DC32 networkManagementSetJoiningModeCommand, ?_37, ?_2, ?_38
   \              0x........   
   \              0x........   
   \              0x........   
   \   000000E4   0x........         DC32 networkManagementSetMasterKeyCommand, ?_6, ?_2, ?_39, 0H
   \              0x........   
   \              0x........   
   \              0x........   
   \              0x00000000   
   \   000000F8   0x........         DC32 steeringTable, ?_2, 0H, 0H, 0H, 0H
   \              0x........   
   \              0x00000000   
   \              0x00000000   
   \              0x00000000   
   \              0x00000000   
     67            emberCommandEntryAction("attach", emberAttachToNetwork, "", ""),
     68            emberCommandEntryAction("commission", networkManagementCommissionCommand, "uwbbbbv*", ""),
     69            emberCommandEntrySubMenu("commissioning", commissioningTable, ""),
     70            emberCommandEntryAction("form", networkManagementFormCommand, "usub*", ""),
     71            emberCommandEntryAction("gateway", networkManagementConfigureGatewayCommand, "ubuww", ""),
     72            emberCommandEntryAction("global-addresses", networkManagementGetGlobalAddressesCommand, "b*", ""),
     73            emberCommandEntryAction("global-prefixes", emberGetGlobalPrefixes, "", ""),
     74            emberCommandEntryAction("join", networkManagementJoinCommand, "usubbvb", ""),
     75            emberCommandEntryAction("join-commissioned", networkManagementJoinCommissionedCommand, "suu*", ""),
     76            emberCommandEntryAction("reset", emberResetNetworkState, "", ""),
     77            emberCommandEntryAction("resume", emberResumeNetwork, "", ""),
     78            emberCommandEntrySubMenu("scan", scanTable, ""),
     79            emberCommandEntryAction("set-join-key", networkManagementSetJoinKeyCommand, "bb*", ""),
     80            emberCommandEntryAction("set-joining-mode", networkManagementSetJoiningModeCommand, "uu", ""),
     81            emberCommandEntryAction("set-master-key", networkManagementSetMasterKeyCommand, "b", ""),
     82            emberCommandEntrySubMenu("steering", steeringTable, ""),
     83            emberCommandEntryTerminator(),
     84          };
     85          void reportCommand(void);
     86          void emberResetMicro(void);
     87          void udpListenCommand(void);
     88          void udpSendCommand(void);

   \                                 In section .rodata, align 4, keep-with-next
     89          static EmberCommandEntry udpTable[] = {
   \                     udpTable:
   \   00000000   0x........         DC32 ?_5, udpListenCommand, ?_40, ?_2, ?_15, udpSendCommand, ?_41, ?_2
   \              0x........   
   \              0x........   
   \              0x........   
   \              0x........   
   \              0x........   
   \              0x........   
   \              0x........   
   \   00000020   0x00000000         DC32 0H, 0H, 0H, 0H
   \              0x00000000   
   \              0x00000000   
   \              0x00000000   
     90            emberCommandEntryAction("listen", udpListenCommand, "vb", ""),
     91            emberCommandEntryAction("send", udpSendCommand, "ubuvvb", ""),
     92            emberCommandEntryTerminator(),
     93          };
     94          void emberGetVersions(void);

   \                                 In section .rodata, align 4, keep-with-next
     95          EmberCommandEntry emberCommandTable[] = {
   \                     emberCommandTable:
   \   00000000   0x........         DC32 ?_16, attachCommand, ?_6, ?_2, ?_42, 0H, coapTable, ?_2, ?_43
   \              0x........   
   \              0x........   
   \              0x........   
   \              0x........   
   \              0x00000000   
   \              0x........   
   \              0x........   
   \              0x........   
   \   00000024   0x........         DC32 detachCommand, ?_2, ?_2, ?_44, emberPrintCommandTable, ?_2, ?_2
   \              0x........   
   \              0x........   
   \              0x........   
   \              0x........   
   \              0x........   
   \              0x........   
   \   00000040   0x........         DC32 ?_45, 0H, icmpTable, ?_2, ?_46, networkManagementInfoCommand, ?_2
   \              0x00000000   
   \              0x........   
   \              0x........   
   \              0x........   
   \              0x........   
   \              0x........   
   \   0000005C   0x........         DC32 ?_2, ?_47, 0H, networkManagementTable, ?_2, ?_48, reportCommand
   \              0x........   
   \              0x00000000   
   \              0x........   
   \              0x........   
   \              0x........   
   \              0x........   
   \   00000078   0x........         DC32 ?_2, ?_2, ?_31, emberResetMicro, ?_2, ?_2, ?_49, 0H, udpTable, ?_2
   \              0x........   
   \              0x........   
   \              0x........   
   \              0x........   
   \              0x........   
   \              0x........   
   \              0x00000000   
   \              0x........   
   \              0x........   
   \   000000A0   0x........         DC32 ?_50, emberGetVersions, ?_2, ?_2, 0H, 0H, 0H, 0H
   \              0x........   
   \              0x........   
   \              0x........   
   \              0x00000000   
   \              0x00000000   
   \              0x00000000   
   \              0x00000000   

   \                                 In section .rodata, align 4, keep-with-next
   \                     ?_0:
   \   00000000   0x67 0x65          DC8 "get"
   \              0x74 0x00    

   \                                 In section .rodata, align 4, keep-with-next
   \                     ?_1:
   \   00000000   0x62 0x62          DC8 "bb"
   \              0x00         
   \   00000003   0x00               DC8 0

   \                                 In section .rodata, align 1, keep-with-next
   \                     ?_2:
   \   00000000   0x00               DC8 ""

   \                                 In section .rodata, align 4, keep-with-next
   \                     ?_3:
   \   00000000   0x70 0x6F          DC8 "post"
   \              0x73 0x74    
   \              0x00         
   \   00000005   0x00 0x00          DC8 0, 0, 0
   \              0x00         

   \                                 In section .rodata, align 4, keep-with-next
   \                     ?_4:
   \   00000000   0x62 0x62          DC8 "bbb"
   \              0x62 0x00    

   \                                 In section .rodata, align 4, keep-with-next
   \                     ?_5:
   \   00000000   0x6C 0x69          DC8 "listen"
   \              0x73 0x74    
   \              0x65 0x6E    
   \              0x00         
   \   00000007   0x00               DC8 0

   \                                 In section .rodata, align 2, keep-with-next
   \                     ?_6:
   \   00000000   0x62 0x00          DC8 "b"

   \                                 In section .rodata, align 4, keep-with-next
   \                     ?_7:
   \   00000000   0x70 0x69          DC8 "ping"
   \              0x6E 0x67    
   \              0x00         
   \   00000005   0x00 0x00          DC8 0, 0, 0
   \              0x00         

   \                                 In section .rodata, align 4, keep-with-next
   \                     ?_8:
   \   00000000   0x62 0x76          DC8 "bv*"
   \              0x2A 0x00    

   \                                 In section .rodata, align 4, keep-with-next
   \                     ?_9:
   \   00000000   0x73 0x74          DC8 "start"
   \              0x61 0x72    
   \              0x74 0x00    
   \   00000006   0x00 0x00          DC8 0, 0

   \                                 In section .rodata, align 4, keep-with-next
   \                     ?_10:
   \   00000000   0x73 0x74          DC8 "stop"
   \              0x6F 0x70    
   \              0x00         
   \   00000005   0x00 0x00          DC8 0, 0, 0
   \              0x00         

   \                                 In section .rodata, align 4, keep-with-next
   \                     ?_11:
   \   00000000   0x61 0x63          DC8 "active"
   \              0x74 0x69    
   \              0x76 0x65    
   \              0x00         
   \   00000007   0x00               DC8 0

   \                                 In section .rodata, align 4, keep-with-next
   \                     ?_12:
   \   00000000   0x75 0x2A          DC8 "u*"
   \              0x00         
   \   00000003   0x00               DC8 0

   \                                 In section .rodata, align 4, keep-with-next
   \                     ?_13:
   \   00000000   0x65 0x6E          DC8 "energy"
   \              0x65 0x72    
   \              0x67 0x79    
   \              0x00         
   \   00000007   0x00               DC8 0

   \                                 In section .rodata, align 4, keep-with-next
   \                     ?_14:
   \   00000000   0x61 0x64          DC8 "add"
   \              0x64 0x00    

   \                                 In section .rodata, align 4, keep-with-next
   \                     ?_15:
   \   00000000   0x73 0x65          DC8 "send"
   \              0x6E 0x64    
   \              0x00         
   \   00000005   0x00 0x00          DC8 0, 0, 0
   \              0x00         

   \                                 In section .rodata, align 4, keep-with-next
   \                     ?_16:
   \   00000000   0x61 0x74          DC8 "attach"
   \              0x74 0x61    
   \              0x63 0x68    
   \              0x00         
   \   00000007   0x00               DC8 0

   \                                 In section .rodata, align 4, keep-with-next
   \                     ?_17:
   \   00000000   0x63 0x6F          DC8 "commission"
   \              0x6D 0x6D    
   \              0x69 0x73    
   \              0x73 0x69    
   \              0x6F 0x6E    
   \              0x00         
   \   0000000B   0x00               DC8 0

   \                                 In section .rodata, align 4, keep-with-next
   \                     ?_18:
   \   00000000   0x75 0x77          DC8 "uwbbbbv*"
   \              0x62 0x62    
   \              0x62 0x62    
   \              0x76 0x2A    
   \              0x00         
   \   00000009   0x00 0x00          DC8 0, 0, 0
   \              0x00         

   \                                 In section .rodata, align 4, keep-with-next
   \                     ?_19:
   \   00000000   0x63 0x6F          DC8 "commissioning"
   \              0x6D 0x6D    
   \              0x69 0x73    
   \              0x73 0x69    
   \              0x6F 0x6E    
   \              0x69 0x6E    
   \              0x67 0x00    
   \   0000000E   0x00 0x00          DC8 0, 0

   \                                 In section .rodata, align 4, keep-with-next
   \                     ?_20:
   \   00000000   0x66 0x6F          DC8 "form"
   \              0x72 0x6D    
   \              0x00         
   \   00000005   0x00 0x00          DC8 0, 0, 0
   \              0x00         

   \                                 In section .rodata, align 4, keep-with-next
   \                     ?_21:
   \   00000000   0x75 0x73          DC8 "usub*"
   \              0x75 0x62    
   \              0x2A 0x00    
   \   00000006   0x00 0x00          DC8 0, 0

   \                                 In section .rodata, align 4, keep-with-next
   \                     ?_22:
   \   00000000   0x67 0x61          DC8 "gateway"
   \              0x74 0x65    
   \              0x77 0x61    
   \              0x79 0x00    

   \                                 In section .rodata, align 4, keep-with-next
   \                     ?_23:
   \   00000000   0x75 0x62          DC8 "ubuww"
   \              0x75 0x77    
   \              0x77 0x00    
   \   00000006   0x00 0x00          DC8 0, 0

   \                                 In section .rodata, align 4, keep-with-next
   \                     ?_24:
   \   00000000   0x67 0x6C          DC8 "global-addresses"
   \              0x6F 0x62    
   \              0x61 0x6C    
   \              0x2D 0x61    
   \              0x64 0x64    
   \              0x72 0x65    
   \              0x73 0x73    
   \              0x65 0x73    
   \              0x00         
   \   00000011   0x00 0x00          DC8 0, 0, 0
   \              0x00         

   \                                 In section .rodata, align 4, keep-with-next
   \                     ?_25:
   \   00000000   0x62 0x2A          DC8 "b*"
   \              0x00         
   \   00000003   0x00               DC8 0

   \                                 In section .rodata, align 4, keep-with-next
   \                     ?_26:
   \   00000000   0x67 0x6C          DC8 "global-prefixes"
   \              0x6F 0x62    
   \              0x61 0x6C    
   \              0x2D 0x70    
   \              0x72 0x65    
   \              0x66 0x69    
   \              0x78 0x65    
   \              0x73 0x00    

   \                                 In section .rodata, align 4, keep-with-next
   \                     ?_27:
   \   00000000   0x6A 0x6F          DC8 "join"
   \              0x69 0x6E    
   \              0x00         
   \   00000005   0x00 0x00          DC8 0, 0, 0
   \              0x00         

   \                                 In section .rodata, align 4, keep-with-next
   \                     ?_28:
   \   00000000   0x75 0x73          DC8 "usubbvb"
   \              0x75 0x62    
   \              0x62 0x76    
   \              0x62 0x00    

   \                                 In section .rodata, align 4, keep-with-next
   \                     ?_29:
   \   00000000   0x6A 0x6F          DC8 "join-commissioned"
   \              0x69 0x6E    
   \              0x2D 0x63    
   \              0x6F 0x6D    
   \              0x6D 0x69    
   \              0x73 0x73    
   \              0x69 0x6F    
   \              0x6E 0x65    
   \              0x64 0x00    
   \   00000012   0x00 0x00          DC8 0, 0

   \                                 In section .rodata, align 4, keep-with-next
   \                     ?_30:
   \   00000000   0x73 0x75          DC8 "suu*"
   \              0x75 0x2A    
   \              0x00         
   \   00000005   0x00 0x00          DC8 0, 0, 0
   \              0x00         

   \                                 In section .rodata, align 4, keep-with-next
   \                     ?_31:
   \   00000000   0x72 0x65          DC8 "reset"
   \              0x73 0x65    
   \              0x74 0x00    
   \   00000006   0x00 0x00          DC8 0, 0

   \                                 In section .rodata, align 4, keep-with-next
   \                     ?_32:
   \   00000000   0x72 0x65          DC8 "resume"
   \              0x73 0x75    
   \              0x6D 0x65    
   \              0x00         
   \   00000007   0x00               DC8 0

   \                                 In section .rodata, align 4, keep-with-next
   \                     ?_33:
   \   00000000   0x73 0x63          DC8 "scan"
   \              0x61 0x6E    
   \              0x00         
   \   00000005   0x00 0x00          DC8 0, 0, 0
   \              0x00         

   \                                 In section .rodata, align 4, keep-with-next
   \                     ?_34:
   \   00000000   0x73 0x65          DC8 "set-join-key"
   \              0x74 0x2D    
   \              0x6A 0x6F    
   \              0x69 0x6E    
   \              0x2D 0x6B    
   \              0x65 0x79    
   \              0x00         
   \   0000000D   0x00 0x00          DC8 0, 0, 0
   \              0x00         

   \                                 In section .rodata, align 4, keep-with-next
   \                     ?_35:
   \   00000000   0x62 0x62          DC8 "bb*"
   \              0x2A 0x00    

   \                                 In section .rodata, align 4, keep-with-next
   \                     ?_36:
   \   00000000   0x73 0x65          DC8 "set-joining-mode"
   \              0x74 0x2D    
   \              0x6A 0x6F    
   \              0x69 0x6E    
   \              0x69 0x6E    
   \              0x67 0x2D    
   \              0x6D 0x6F    
   \              0x64 0x65    
   \              0x00         
   \   00000011   0x00 0x00          DC8 0, 0, 0
   \              0x00         

   \                                 In section .rodata, align 4, keep-with-next
   \                     ?_37:
   \   00000000   0x75 0x75          DC8 "uu"
   \              0x00         
   \   00000003   0x00               DC8 0

   \                                 In section .rodata, align 4, keep-with-next
   \                     ?_38:
   \   00000000   0x73 0x65          DC8 "set-master-key"
   \              0x74 0x2D    
   \              0x6D 0x61    
   \              0x73 0x74    
   \              0x65 0x72    
   \              0x2D 0x6B    
   \              0x65 0x79    
   \              0x00         
   \   0000000F   0x00               DC8 0

   \                                 In section .rodata, align 4, keep-with-next
   \                     ?_39:
   \   00000000   0x73 0x74          DC8 "steering"
   \              0x65 0x65    
   \              0x72 0x69    
   \              0x6E 0x67    
   \              0x00         
   \   00000009   0x00 0x00          DC8 0, 0, 0
   \              0x00         

   \                                 In section .rodata, align 4, keep-with-next
   \                     ?_40:
   \   00000000   0x76 0x62          DC8 "vb"
   \              0x00         
   \   00000003   0x00               DC8 0

   \                                 In section .rodata, align 4, keep-with-next
   \                     ?_41:
   \   00000000   0x75 0x62          DC8 "ubuvvb"
   \              0x75 0x76    
   \              0x76 0x62    
   \              0x00         
   \   00000007   0x00               DC8 0

   \                                 In section .rodata, align 4, keep-with-next
   \                     ?_42:
   \   00000000   0x63 0x6F          DC8 "coap"
   \              0x61 0x70    
   \              0x00         
   \   00000005   0x00 0x00          DC8 0, 0, 0
   \              0x00         

   \                                 In section .rodata, align 4, keep-with-next
   \                     ?_43:
   \   00000000   0x64 0x65          DC8 "detach"
   \              0x74 0x61    
   \              0x63 0x68    
   \              0x00         
   \   00000007   0x00               DC8 0

   \                                 In section .rodata, align 4, keep-with-next
   \                     ?_44:
   \   00000000   0x68 0x65          DC8 "help"
   \              0x6C 0x70    
   \              0x00         
   \   00000005   0x00 0x00          DC8 0, 0, 0
   \              0x00         

   \                                 In section .rodata, align 4, keep-with-next
   \                     ?_45:
   \   00000000   0x69 0x63          DC8 "icmp"
   \              0x6D 0x70    
   \              0x00         
   \   00000005   0x00 0x00          DC8 0, 0, 0
   \              0x00         

   \                                 In section .rodata, align 4, keep-with-next
   \                     ?_46:
   \   00000000   0x69 0x6E          DC8 "info"
   \              0x66 0x6F    
   \              0x00         
   \   00000005   0x00 0x00          DC8 0, 0, 0
   \              0x00         

   \                                 In section .rodata, align 4, keep-with-next
   \                     ?_47:
   \   00000000   0x6E 0x65          DC8 "network-management"
   \              0x74 0x77    
   \              0x6F 0x72    
   \              0x6B 0x2D    
   \              0x6D 0x61    
   \              0x6E 0x61    
   \              0x67 0x65    
   \              0x6D 0x65    
   \              0x6E 0x74    
   \              0x00         
   \   00000013   0x00               DC8 0

   \                                 In section .rodata, align 4, keep-with-next
   \                     ?_48:
   \   00000000   0x72 0x65          DC8 "report"
   \              0x70 0x6F    
   \              0x72 0x74    
   \              0x00         
   \   00000007   0x00               DC8 0

   \                                 In section .rodata, align 4, keep-with-next
   \                     ?_49:
   \   00000000   0x75 0x64          DC8 "udp"
   \              0x70 0x00    

   \                                 In section .rodata, align 4, keep-with-next
   \                     ?_50:
   \   00000000   0x76 0x65          DC8 "versions"
   \              0x72 0x73    
   \              0x69 0x6F    
   \              0x6E 0x73    
   \              0x00         
   \   00000009   0x00 0x00          DC8 0, 0, 0
   \              0x00         
     96            emberCommandEntryAction("attach", attachCommand, "b", ""),
     97            emberCommandEntrySubMenu("coap", coapTable, ""),
     98            emberCommandEntryAction("detach", detachCommand, "", ""),
     99            emberCommandEntryAction("help", emberPrintCommandTable, "", ""),
    100            emberCommandEntrySubMenu("icmp", icmpTable, ""),
    101            emberCommandEntryAction("info", networkManagementInfoCommand, "", ""),
    102            emberCommandEntrySubMenu("network-management", networkManagementTable, ""),
    103            emberCommandEntryAction("report", reportCommand, "", ""),
    104            emberCommandEntryAction("reset", emberResetMicro, "", ""),
    105            emberCommandEntrySubMenu("udp", udpTable, ""),
    106            emberCommandEntryAction("versions", emberGetVersions, "", ""),
    107            emberCommandEntryTerminator(),
    108          };


   Section sizes:

   Bytes  Function/Label
   -----  --------------
       4  ?_0
       4  ?_1
       8  ?_10
       8  ?_11
       4  ?_12
       8  ?_13
       4  ?_14
       8  ?_15
       8  ?_16
      12  ?_17
      12  ?_18
      16  ?_19
       1  ?_2
       8  ?_20
       8  ?_21
       8  ?_22
       8  ?_23
      20  ?_24
       4  ?_25
      16  ?_26
       8  ?_27
       8  ?_28
      20  ?_29
       8  ?_3
       8  ?_30
       8  ?_31
       8  ?_32
       8  ?_33
      16  ?_34
       4  ?_35
      20  ?_36
       4  ?_37
      16  ?_38
      12  ?_39
       4  ?_4
       4  ?_40
       8  ?_41
       8  ?_42
       8  ?_43
       8  ?_44
       8  ?_45
       8  ?_46
      20  ?_47
       8  ?_48
       4  ?_49
       8  ?_5
      12  ?_50
       2  ?_6
       8  ?_7
       4  ?_8
       8  ?_9
      48  coapTable
      48  commissioningTable
     192  emberCommandTable
      48  icmpTable
     272  networkManagementTable
      64  scanTable
      48  steeringTable
      48  udpTable

 
 1 215 bytes in section .rodata
 
 1 215 bytes of CONST memory

Errors: none
Warnings: none
