###############################################################################
#
# IAR ANSI C/C++ Compiler V7.30.1.7746/W32 for ARM        28/Sep/2015  13:29:22
# Copyright 1999-2014 IAR Systems AB.
#
#    Cpu mode     =  thumb
#    Endian       =  little
#    Source file  =  C:\SiliconLabs\Thread-1.0.1\app\thread\plugin\cli\cli.c
#    Command line =  
#        C:\SiliconLabs\Thread-1.0.1\app\thread\plugin\cli\cli.c -D APP_BTL -D
#        CORTEXM3 -D CORTEXM3_EMBER_MICRO -D CORTEXM3_EM3588 -D PHY_EM3XX -D
#        "BOARD_HEADER=\"thread-board.h\"" -D
#        "CONFIGURATION_HEADER=\"thread-configuration.h\"" -D
#        "PLATFORM_HEADER=\"hal/micro/cortexm3/compiler/iar.h\"" -D
#        "__SOURCEFILE__=\"cli.c\"" -D BOARD_DEV0680ETM -D
#        "EMBER_AF_API_EMBER_TYPES=\"stack/include/ember-types.h\"" -D
#        EMBER_STACK_IP -D EMBER_RIP_STACK -D HAVE_TLS_JPAKE -D
#        DEBUG_LEVEL=FULL_DEBUG -D
#        "APPLICATION_TOKEN_HEADER=\"thread-token.h\"" -lC
#        C:\SiliconLabs\Thread-1.0.1\app\Thread_Sample_Server\build\lst\
#        --diag_suppress Pa050 -o
#        C:\SiliconLabs\Thread-1.0.1\app\Thread_Sample_Server\build\obj\
#        --debug --endian=little --cpu=Cortex-M3 --no_path_in_file_macros
#        --separate_cluster_for_initialized_variables -e --fpu=None
#        --dlib_config "C:\Program Files (x86)\IAR Systems\Embedded Workbench
#        7.0\arm\INC\c\DLib_Config_Normal.h" -I
#        C:\SiliconLabs\Thread-1.0.1\app\thread\plugin\cli\ -I
#        C:\SiliconLabs\Thread-1.0.1\app\Thread_Sample_Server\ -I
#        C:\SiliconLabs\Thread-1.0.1\app\Thread_Sample_Server\..\..\ -I
#        C:\SiliconLabs\Thread-1.0.1\app\Thread_Sample_Server\..\..\app\util\
#        -I C:\SiliconLabs\Thread-1.0.1\app\Thread_Sample_Server\..\..\stack\
#        -I C:\SiliconLabs\Thread-1.0.1\app\Thread_Sample_Server\..\..\hal\ -I
#        C:\SiliconLabs\Thread-1.0.1\app\Thread_Sample_Server\..\..\hal\..\
#        -Ohz --use_c++_inline
#    List file    =  
#        C:\SiliconLabs\Thread-1.0.1\app\Thread_Sample_Server\build\lst\cli.lst
#    Object file  =  
#        C:\SiliconLabs\Thread-1.0.1\app\Thread_Sample_Server\build\obj\cli.o
#
###############################################################################

C:\SiliconLabs\Thread-1.0.1\app\thread\plugin\cli\cli.c
      1          // Copyright 2015 Silicon Laboratories, Inc.
      2          
      3          #include PLATFORM_HEADER
      4          #include CONFIGURATION_HEADER
      5          #include EMBER_AF_API_EMBER_TYPES
      6          #include EMBER_AF_API_COMMAND_INTERPRETER2
      7          #ifdef EMBER_AF_API_DEBUG_PRINT
      8            #include EMBER_AF_API_DEBUG_PRINT
      9          #endif
     10          

   \                                 In section .text, align 2, keep-with-next
     11          void emberAfPluginCliTickCallback(void)
     12          {
   \                     emberAfPluginCliTickCallback: (+1)
   \   00000000   0xB580             PUSH     {R7,LR}
     13            if (emberProcessCommandInput(APP_SERIAL)) {
   \   00000002   0x2101             MOVS     R1,#+1
   \   00000004   0x2000             MOVS     R0,#+0
   \   00000006   0x.... 0x....      BL       emberProcessCommandString
   \   0000000A   0xB138             CBZ.N    R0,??emberAfPluginCliTickCallback_0
     14              emberAfCorePrint("%p>", EMBER_AF_DEVICE_NAME);
   \   0000000C   0xE8BD 0x4008      POP      {R3,LR}
   \   00000010   0x.... 0x....      ADR.W    R2,?_1
   \   00000014   0x....             ADR.N    R1,??DataTable2  ;; "%p>"
   \   00000016   0x2001             MOVS     R0,#+1
   \   00000018   0x.... 0x....      B.W      emberAfPrint
     15            }
     16          }
   \                     ??emberAfPluginCliTickCallback_0: (+1)
   \   0000001C   0xBD01             POP      {R0,PC}          ;; return

   \                                 In section .text, align 4, keep-with-next
   \                     ??DataTable2:
   \   00000000   0x25 0x70          DC8      "%p>"
   \              0x3E 0x00    

   \                                 In section .rodata, align 4, keep-with-next
   \                     ?_0:
   \   00000000   0x25 0x70          DC8 "%p>"
   \              0x3E 0x00    

   \                                 In section .text, align 4, keep-with-next
   \                     ?_1:
   \   00000000   0x54 0x68          DC8 "Thread_Sample_Server"
   \              0x72 0x65    
   \              0x61 0x64    
   \              0x5F 0x53    
   \              0x61 0x6D    
   \              0x70 0x6C    
   \              0x65 0x5F    
   \              0x53 0x65    
   \              0x72 0x76    
   \              0x65 0x72    
   \              0x00         
   \   00000015   0x00 0x00          DC8 0, 0, 0
   \              0x00         

   Maximum stack usage in bytes:

   .cstack Function
   ------- --------
       8   emberAfPluginCliTickCallback
         0   -> emberAfPrint
         8   -> emberProcessCommandString


   Section sizes:

   Bytes  Function/Label
   -----  --------------
       4  ??DataTable2
       4  ?_0
      24  ?_1
      30  emberAfPluginCliTickCallback

 
  4 bytes in section .rodata
 58 bytes in section .text
 
 58 bytes of CODE  memory
  4 bytes of CONST memory

Errors: none
Warnings: none
