###############################################################################
#
# IAR ANSI C/C++ Compiler V7.30.1.7746/W32 for ARM        28/Sep/2015  13:29:22
# Copyright 1999-2014 IAR Systems AB.
#
#    Cpu mode     =  thumb
#    Endian       =  little
#    Source file  =  
#        C:\SiliconLabs\Thread-1.0.1\app\thread\plugin\coap-cli\coap-cli.c
#    Command line =  
#        C:\SiliconLabs\Thread-1.0.1\app\thread\plugin\coap-cli\coap-cli.c -D
#        APP_BTL -D CORTEXM3 -D CORTEXM3_EMBER_MICRO -D CORTEXM3_EM3588 -D
#        PHY_EM3XX -D "BOARD_HEADER=\"thread-board.h\"" -D
#        "CONFIGURATION_HEADER=\"thread-configuration.h\"" -D
#        "PLATFORM_HEADER=\"hal/micro/cortexm3/compiler/iar.h\"" -D
#        "__SOURCEFILE__=\"coap-cli.c\"" -D BOARD_DEV0680ETM -D
#        "EMBER_AF_API_EMBER_TYPES=\"stack/include/ember-types.h\"" -D
#        EMBER_STACK_IP -D EMBER_RIP_STACK -D HAVE_TLS_JPAKE -D
#        DEBUG_LEVEL=FULL_DEBUG -D
#        "APPLICATION_TOKEN_HEADER=\"thread-token.h\"" -lC
#        C:\SiliconLabs\Thread-1.0.1\app\Thread_Sample_Server\build\lst\
#        --diag_suppress Pa050 -o
#        C:\SiliconLabs\Thread-1.0.1\app\Thread_Sample_Server\build\obj\
#        --debug --endian=little --cpu=Cortex-M3 --no_path_in_file_macros
#        --separate_cluster_for_initialized_variables -e --fpu=None
#        --dlib_config "C:\Program Files (x86)\IAR Systems\Embedded Workbench
#        7.0\arm\INC\c\DLib_Config_Normal.h" -I
#        C:\SiliconLabs\Thread-1.0.1\app\thread\plugin\coap-cli\ -I
#        C:\SiliconLabs\Thread-1.0.1\app\Thread_Sample_Server\ -I
#        C:\SiliconLabs\Thread-1.0.1\app\Thread_Sample_Server\..\..\ -I
#        C:\SiliconLabs\Thread-1.0.1\app\Thread_Sample_Server\..\..\app\util\
#        -I C:\SiliconLabs\Thread-1.0.1\app\Thread_Sample_Server\..\..\stack\
#        -I C:\SiliconLabs\Thread-1.0.1\app\Thread_Sample_Server\..\..\hal\ -I
#        C:\SiliconLabs\Thread-1.0.1\app\Thread_Sample_Server\..\..\hal\..\
#        -Ohz --use_c++_inline
#    List file    =  
#        C:\SiliconLabs\Thread-1.0.1\app\Thread_Sample_Server\build\lst\coap-cli.lst
#    Object file  =  
#        C:\SiliconLabs\Thread-1.0.1\app\Thread_Sample_Server\build\obj\coap-cli.o
#
###############################################################################

C:\SiliconLabs\Thread-1.0.1\app\thread\plugin\coap-cli\coap-cli.c
      1          // Copyright 2015 Silicon Laboratories, Inc.
      2          
      3          #include PLATFORM_HEADER
      4          #include CONFIGURATION_HEADER
      5          #include EMBER_AF_API_STACK
      6          #include EMBER_AF_API_HAL
      7          #include EMBER_AF_API_COMMAND_INTERPRETER2
      8          #ifdef EMBER_AF_API_DEBUG_PRINT
      9            #include EMBER_AF_API_DEBUG_PRINT
     10          #endif
     11          

   \                                 In section .text, align 2, keep-with-next
     12          static void processResponse(EmberCoapStatus status,
     13                                      EmberCoapMessage *coap,
     14                                      void *appData,
     15                                      uint16_t appDatalength)
     16          {
     17          }
   \                     processResponse: (+1)
   \   00000000   0x4770             BX       LR               ;; return
     18          
     19          // coap get <destination> <uri>

   \                                 In section .text, align 2, keep-with-next
     20          void coapGetCommand(void)
     21          {
   \                     coapGetCommand: (+1)
   \   00000000   0xB500             PUSH     {LR}
   \   00000002   0xB087             SUB      SP,SP,#+28
     22            EmberIpv6Address destination;
     23            uint8_t *uri;
     24            EmberStatus status;
     25          
     26            if (!emberGetIpArgument(0, destination.bytes)) {
   \   00000004   0xA902             ADD      R1,SP,#+8
   \   00000006   0x2000             MOVS     R0,#+0
   \   00000008   0x.... 0x....      BL       emberGetIpArgument
   \   0000000C   0xB910             CBNZ.N   R0,??coapGetCommand_0
     27              emberAfAppPrintln("%p: %p", "ERR", "invalid ip");
   \   0000000E   0x.... 0x....      BL       ?Subroutine0
     28              return;
     29            }
   \                     ??CrossCallReturnLabel_0: (+1)
   \   00000012   0xE011             B.N      ??coapGetCommand_1
     30          
     31            uri = emberStringCommandArgument(1, NULL);
   \                     ??coapGetCommand_0: (+1)
   \   00000014   0x2100             MOVS     R1,#+0
   \   00000016   0x2001             MOVS     R0,#+1
   \   00000018   0x.... 0x....      BL       emberStringCommandArgument
     32          
     33            status = emberCoapGet(&destination, uri, processResponse);
   \   0000001C   0x....             LDR.N    R1,??DataTable8_2
   \   0000001E   0x9101             STR      R1,[SP, #+4]
   \   00000020   0x4602             MOV      R2,R0
   \   00000022   0x2100             MOVS     R1,#+0
   \   00000024   0x9100             STR      R1,[SP, #+0]
   \   00000026   0x2300             MOVS     R3,#+0
   \   00000028   0xA902             ADD      R1,SP,#+8
   \   0000002A   0x2001             MOVS     R0,#+1
   \   0000002C   0x.... 0x....      BL       emberCoapSendUri
     34            emberAfAppPrintln("%p 0x%x", "get", status);
   \   00000030   0x4603             MOV      R3,R0
   \   00000032   0x....             ADR.N    R2,??DataTable8  ;; "get"
   \   00000034   0x.... 0x....      ADR.W    R1,?_3
   \                     ??coapGetCommand_1: (+1)
   \   00000038   0x2002             MOVS     R0,#+2
   \   0000003A   0x.... 0x....      BL       emberAfPrintln
     35          }
   \   0000003E   0xB007             ADD      SP,SP,#+28
   \   00000040   0xBD00             POP      {PC}             ;; return

   \                                 In section .text, align 2, keep-with-next
   \                     ?Subroutine0: (+1)
   \   00000000   0x.... 0x....      ADR.W    R3,?_2
   \   00000004   0x.... 0x....      ADR.W    R1,?_0
   \   00000008   0x....             ADR.N    R2,??DataTable8_1  ;; "ERR"
   \   0000000A   0x4770             BX       LR
     36          
     37          // coap post <destination> <uri> <body>

   \                                 In section .text, align 2, keep-with-next
     38          void coapPostCommand(void)
     39          {
   \                     coapPostCommand: (+1)
   \   00000000   0xB510             PUSH     {R4,LR}
   \   00000002   0xB088             SUB      SP,SP,#+32
     40            EmberIpv6Address destination;
     41            uint8_t *uri;
     42            uint8_t *body;
     43            uint8_t bodyLength;
     44            EmberStatus status;
     45          
     46            if (!emberGetIpArgument(0, destination.bytes)) {
   \   00000004   0xA903             ADD      R1,SP,#+12
   \   00000006   0x2000             MOVS     R0,#+0
   \   00000008   0x.... 0x....      BL       emberGetIpArgument
   \   0000000C   0xB910             CBNZ.N   R0,??coapPostCommand_0
     47              emberAfAppPrintln("%p: %p", "ERR", "invalid ip");
   \   0000000E   0x.... 0x....      BL       ?Subroutine0
     48              return;
     49            }
   \                     ??CrossCallReturnLabel_1: (+1)
   \   00000012   0xE018             B.N      ??coapPostCommand_1
     50          
     51            uri = emberStringCommandArgument(1, NULL);
   \                     ??coapPostCommand_0: (+1)
   \   00000014   0x2100             MOVS     R1,#+0
   \   00000016   0x2001             MOVS     R0,#+1
   \   00000018   0x.... 0x....      BL       emberStringCommandArgument
   \   0000001C   0x4604             MOV      R4,R0
     52            body = emberStringCommandArgument(2, &bodyLength);
   \   0000001E   0xA902             ADD      R1,SP,#+8
   \   00000020   0x2002             MOVS     R0,#+2
   \   00000022   0x.... 0x....      BL       emberStringCommandArgument
     53          
     54            status = emberCoapPost(&destination,
     55                                   uri,
     56                                   body,
     57                                   bodyLength,
     58                                   processResponse);
   \   00000026   0x....             LDR.N    R1,??DataTable8_2
   \   00000028   0x9101             STR      R1,[SP, #+4]
   \   0000002A   0x4603             MOV      R3,R0
   \   0000002C   0xF89D 0x1008      LDRB     R1,[SP, #+8]
   \   00000030   0x9100             STR      R1,[SP, #+0]
   \   00000032   0x4622             MOV      R2,R4
   \   00000034   0xA903             ADD      R1,SP,#+12
   \   00000036   0x2002             MOVS     R0,#+2
   \   00000038   0x.... 0x....      BL       emberCoapSendUri
     59            emberAfAppPrintln("%p 0x%x", "post", status);
   \   0000003C   0x4603             MOV      R3,R0
   \   0000003E   0x.... 0x....      ADR.W    R2,?_5
   \   00000042   0x.... 0x....      ADR.W    R1,?_3
   \                     ??coapPostCommand_1: (+1)
   \   00000046   0x2002             MOVS     R0,#+2
   \   00000048   0x.... 0x....      BL       emberAfPrintln
     60          }
   \   0000004C   0xB008             ADD      SP,SP,#+32
   \   0000004E   0xBD10             POP      {R4,PC}          ;; return

   \                                 In section .text, align 4, keep-with-next
   \                     ??DataTable8:
   \   00000000   0x67 0x65          DC8      "get"
   \              0x74 0x00    

   \                                 In section .text, align 4, keep-with-next
   \                     ??DataTable8_1:
   \   00000000   0x45 0x52          DC8      "ERR"
   \              0x52 0x00    

   \                                 In section .text, align 4, keep-with-next
   \                     ??DataTable8_2:
   \   00000000   0x........         DC32     processResponse

   \                                 In section .text, align 4, keep-with-next
   \                     ?_0:
   \   00000000   0x25 0x70          DC8 "%p: %p"
   \              0x3A 0x20    
   \              0x25 0x70    
   \              0x00         
   \   00000007   0x00               DC8 0

   \                                 In section .rodata, align 4, keep-with-next
   \                     ?_1:
   \   00000000   0x45 0x52          DC8 "ERR"
   \              0x52 0x00    

   \                                 In section .rodata, align 4, keep-with-next
   \                     ?_4:
   \   00000000   0x67 0x65          DC8 "get"
   \              0x74 0x00    

   \                                 In section .text, align 4, keep-with-next
   \                     ?_2:
   \   00000000   0x69 0x6E          DC8 "invalid ip"
   \              0x76 0x61    
   \              0x6C 0x69    
   \              0x64 0x20    
   \              0x69 0x70    
   \              0x00         
   \   0000000B   0x00               DC8 0

   \                                 In section .text, align 4, keep-with-next
   \                     ?_3:
   \   00000000   0x25 0x70          DC8 "%p 0x%x"
   \              0x20 0x30    
   \              0x78 0x25    
   \              0x78 0x00    

   \                                 In section .text, align 4, keep-with-next
   \                     ?_5:
   \   00000000   0x70 0x6F          DC8 "post"
   \              0x73 0x74    
   \              0x00         
   \   00000005   0x00 0x00          DC8 0, 0, 0
   \              0x00         

   Maximum stack usage in bytes:

   .cstack Function
   ------- --------
      32   coapGetCommand
        32   -> emberAfPrintln
        32   -> emberCoapSendUri
        32   -> emberGetIpArgument
        32   -> emberStringCommandArgument
      40   coapPostCommand
        40   -> emberAfPrintln
        40   -> emberCoapSendUri
        40   -> emberGetIpArgument
        40   -> emberStringCommandArgument
       0   processResponse


   Section sizes:

   Bytes  Function/Label
   -----  --------------
       4  ??DataTable8
       4  ??DataTable8_1
       4  ??DataTable8_2
      12  ?Subroutine0
       8  ?_0
       4  ?_1
      12  ?_2
       8  ?_3
       4  ?_4
       8  ?_5
      66  coapGetCommand
      80  coapPostCommand
       2  processResponse

 
   8 bytes in section .rodata
 208 bytes in section .text
 
 208 bytes of CODE  memory
   8 bytes of CONST memory

Errors: none
Warnings: none
