###############################################################################
#
# IAR ANSI C/C++ Compiler V7.30.1.7746/W32 for ARM        28/Sep/2015  13:29:24
# Copyright 1999-2014 IAR Systems AB.
#
#    Cpu mode     =  thumb
#    Endian       =  little
#    Source file  =  
#        C:\SiliconLabs\Thread-1.0.1\app\thread\plugin\dhcp-client\dhcp-client.c
#    Command line =  
#        C:\SiliconLabs\Thread-1.0.1\app\thread\plugin\dhcp-client\dhcp-client.c
#        -D APP_BTL -D CORTEXM3 -D CORTEXM3_EMBER_MICRO -D CORTEXM3_EM3588 -D
#        PHY_EM3XX -D "BOARD_HEADER=\"thread-board.h\"" -D
#        "CONFIGURATION_HEADER=\"thread-configuration.h\"" -D
#        "PLATFORM_HEADER=\"hal/micro/cortexm3/compiler/iar.h\"" -D
#        "__SOURCEFILE__=\"dhcp-client.c\"" -D BOARD_DEV0680ETM -D
#        "EMBER_AF_API_EMBER_TYPES=\"stack/include/ember-types.h\"" -D
#        EMBER_STACK_IP -D EMBER_RIP_STACK -D HAVE_TLS_JPAKE -D
#        DEBUG_LEVEL=FULL_DEBUG -D
#        "APPLICATION_TOKEN_HEADER=\"thread-token.h\"" -lC
#        C:\SiliconLabs\Thread-1.0.1\app\Thread_Sample_Server\build\lst\
#        --diag_suppress Pa050 -o
#        C:\SiliconLabs\Thread-1.0.1\app\Thread_Sample_Server\build\obj\
#        --debug --endian=little --cpu=Cortex-M3 --no_path_in_file_macros
#        --separate_cluster_for_initialized_variables -e --fpu=None
#        --dlib_config "C:\Program Files (x86)\IAR Systems\Embedded Workbench
#        7.0\arm\INC\c\DLib_Config_Normal.h" -I
#        C:\SiliconLabs\Thread-1.0.1\app\thread\plugin\dhcp-client\ -I
#        C:\SiliconLabs\Thread-1.0.1\app\Thread_Sample_Server\ -I
#        C:\SiliconLabs\Thread-1.0.1\app\Thread_Sample_Server\..\..\ -I
#        C:\SiliconLabs\Thread-1.0.1\app\Thread_Sample_Server\..\..\app\util\
#        -I C:\SiliconLabs\Thread-1.0.1\app\Thread_Sample_Server\..\..\stack\
#        -I C:\SiliconLabs\Thread-1.0.1\app\Thread_Sample_Server\..\..\hal\ -I
#        C:\SiliconLabs\Thread-1.0.1\app\Thread_Sample_Server\..\..\hal\..\
#        -Ohz --use_c++_inline
#    List file    =  
#        C:\SiliconLabs\Thread-1.0.1\app\Thread_Sample_Server\build\lst\dhcp-client.lst
#    Object file  =  
#        C:\SiliconLabs\Thread-1.0.1\app\Thread_Sample_Server\build\obj\dhcp-client.o
#
###############################################################################

C:\SiliconLabs\Thread-1.0.1\app\thread\plugin\dhcp-client\dhcp-client.c
      1          // Copyright 2015 Silicon Laboratories, Inc.
      2          
      3          #include PLATFORM_HEADER
      4          #include CONFIGURATION_HEADER
      5          #include EMBER_AF_API_STACK
      6          #include EMBER_AF_API_HAL
      7          #ifdef EMBER_AF_API_DEBUG_PRINT
      8            #include EMBER_AF_API_DEBUG_PRINT
      9          #endif
     10          
     11          #ifndef ALIAS
     12            #define ALIAS(x) x
     13          #endif
     14          

   \                                 In section .text, align 2, keep-with-next
     15          void ALIAS(emberDhcpServerChange)(const uint8_t *prefix,
     16                                            uint8_t prefixLength,
     17                                            bool available)
     18          {
   \                     emberDhcpServerChange: (+1)
   \   00000000   0xB538             PUSH     {R3-R5,LR}
   \   00000002   0x4604             MOV      R4,R0
   \   00000004   0x460D             MOV      R5,R1
     19            if (available) {
   \   00000006   0xB1BA             CBZ.N    R2,??emberDhcpServerChange_0
     20              emberAfCorePrint("Requesting DHCP address in ");
   \   00000008   0x.... 0x....      ADR.W    R1,?_0
   \   0000000C   0x2001             MOVS     R0,#+1
   \   0000000E   0x.... 0x....      BL       emberAfPrint
     21              emberAfCoreDebugExec(emberAfPrintIpv6Fields(prefix, prefixLength / 2));
   \   00000012   0x2001             MOVS     R0,#+1
   \   00000014   0x.... 0x....      BL       emberAfPrintEnabled
   \   00000018   0xB118             CBZ.N    R0,??emberDhcpServerChange_1
   \   0000001A   0x0869             LSRS     R1,R5,#+1
   \   0000001C   0x4620             MOV      R0,R4
   \   0000001E   0x.... 0x....      BL       emberAfPrintIpv6Fields
     22              emberAfCorePrintln(" prefix");
   \                     ??emberDhcpServerChange_1: (+1)
   \   00000022   0x.... 0x....      ADR.W    R1,?_1
   \   00000026   0x2001             MOVS     R0,#+1
   \   00000028   0x.... 0x....      BL       emberAfPrintln
     23              emberRequestDhcpAddress(prefix, prefixLength);
   \   0000002C   0x4629             MOV      R1,R5
   \   0000002E   0x4620             MOV      R0,R4
   \   00000030   0xE8BD 0x4034      POP      {R2,R4,R5,LR}
   \   00000034   0x.... 0x....      B.W      emberRequestDhcpAddress
     24            }
     25          }
   \                     ??emberDhcpServerChange_0: (+1)
   \   00000038   0xBD31             POP      {R0,R4,R5,PC}    ;; return
     26          

   \                                 In section .text, align 2, keep-with-next
     27          void ALIAS(emberRequestDhcpAddressReturn)(EmberStatus status,
     28                                                    const uint8_t *prefix,
     29                                                    uint8_t prefixLength)
     30          {
   \                     emberRequestDhcpAddressReturn: (+1)
   \   00000000   0xB570             PUSH     {R4-R6,LR}
   \   00000002   0x0004             MOVS     R4,R0
   \   00000004   0x460D             MOV      R5,R1
   \   00000006   0x4616             MOV      R6,R2
     31            if (status != EMBER_SUCCESS) {
   \   00000008   0xD014             BEQ.N    ??emberRequestDhcpAddressReturn_0
     32              emberAfCorePrint("ERR: Requesting DHCP address in ");
   \   0000000A   0x.... 0x....      ADR.W    R1,?_2
   \   0000000E   0x2001             MOVS     R0,#+1
   \   00000010   0x.... 0x....      BL       emberAfPrint
     33              emberAfCoreDebugExec(emberAfPrintIpv6Fields(prefix, prefixLength / 2));
   \   00000014   0x2001             MOVS     R0,#+1
   \   00000016   0x.... 0x....      BL       emberAfPrintEnabled
   \   0000001A   0xB118             CBZ.N    R0,??emberRequestDhcpAddressReturn_1
   \   0000001C   0x0871             LSRS     R1,R6,#+1
   \   0000001E   0x4628             MOV      R0,R5
   \   00000020   0x.... 0x....      BL       emberAfPrintIpv6Fields
     34              emberAfCorePrintln(" prefix failed: 0x%x", status);
   \                     ??emberRequestDhcpAddressReturn_1: (+1)
   \   00000024   0x4622             MOV      R2,R4
   \   00000026   0xE8BD 0x4070      POP      {R4-R6,LR}
   \   0000002A   0x.... 0x....      ADR.W    R1,?_3
   \   0000002E   0x2001             MOVS     R0,#+1
   \   00000030   0x.... 0x....      B.W      emberAfPrintln
     35            }
     36          }
   \                     ??emberRequestDhcpAddressReturn_0: (+1)
   \   00000034   0xBD70             POP      {R4-R6,PC}       ;; return

   \                                 In section .text, align 4, keep-with-next
   \                     ?_0:
   \   00000000   0x52 0x65          DC8 "Requesting DHCP address in "
   \              0x71 0x75    
   \              0x65 0x73    
   \              0x74 0x69    
   \              0x6E 0x67    
   \              0x20 0x44    
   \              0x48 0x43    
   \              0x50 0x20    
   \              0x61 0x64    
   \              0x64 0x72    
   \              0x65 0x73    
   \              0x73 0x20    
   \              0x69 0x6E    
   \              0x20 0x00    

   \                                 In section .text, align 4, keep-with-next
   \                     ?_1:
   \   00000000   0x20 0x70          DC8 " prefix"
   \              0x72 0x65    
   \              0x66 0x69    
   \              0x78 0x00    

   \                                 In section .text, align 4, keep-with-next
   \                     ?_2:
   \   00000000   0x45 0x52          DC8 "ERR: Requesting DHCP address in "
   \              0x52 0x3A    
   \              0x20 0x52    
   \              0x65 0x71    
   \              0x75 0x65    
   \              0x73 0x74    
   \              0x69 0x6E    
   \              0x67 0x20    
   \              0x44 0x48    
   \              0x43 0x50    
   \              0x20 0x61    
   \              0x64 0x64    
   \              0x72 0x65    
   \              0x73 0x73    
   \              0x20 0x69    
   \              0x6E 0x20    
   \              0x00         
   \   00000021   0x00 0x00          DC8 0, 0, 0
   \              0x00         

   \                                 In section .text, align 4, keep-with-next
   \                     ?_3:
   \   00000000   0x20 0x70          DC8 " prefix failed: 0x%x"
   \              0x72 0x65    
   \              0x66 0x69    
   \              0x78 0x20    
   \              0x66 0x61    
   \              0x69 0x6C    
   \              0x65 0x64    
   \              0x3A 0x20    
   \              0x30 0x78    
   \              0x25 0x78    
   \              0x00         
   \   00000015   0x00 0x00          DC8 0, 0, 0
   \              0x00         

   Maximum stack usage in bytes:

   .cstack Function
   ------- --------
      16   emberDhcpServerChange
        16   -> emberAfPrint
        16   -> emberAfPrintEnabled
        16   -> emberAfPrintIpv6Fields
        16   -> emberAfPrintln
         0   -> emberRequestDhcpAddress
      16   emberRequestDhcpAddressReturn
        16   -> emberAfPrint
        16   -> emberAfPrintEnabled
        16   -> emberAfPrintIpv6Fields
         0   -> emberAfPrintln


   Section sizes:

   Bytes  Function/Label
   -----  --------------
      28  ?_0
       8  ?_1
      36  ?_2
      24  ?_3
      58  emberDhcpServerChange
      54  emberRequestDhcpAddressReturn

 
 208 bytes in section .text
 
 208 bytes of CODE memory

Errors: none
Warnings: none
