###############################################################################
#
# IAR ANSI C/C++ Compiler V7.30.1.7746/W32 for ARM        28/Sep/2015  13:29:27
# Copyright 1999-2014 IAR Systems AB.
#
#    Cpu mode     =  thumb
#    Endian       =  little
#    Source file  =  
#        C:\SiliconLabs\Thread-1.0.1\hal\micro\cortexm3\usb\em_usbtimer.c
#    Command line =  
#        C:\SiliconLabs\Thread-1.0.1\hal\micro\cortexm3\usb\em_usbtimer.c -D
#        APP_BTL -D CORTEXM3 -D CORTEXM3_EMBER_MICRO -D CORTEXM3_EM3588 -D
#        PHY_EM3XX -D "BOARD_HEADER=\"thread-board.h\"" -D
#        "CONFIGURATION_HEADER=\"thread-configuration.h\"" -D
#        "PLATFORM_HEADER=\"hal/micro/cortexm3/compiler/iar.h\"" -D
#        "__SOURCEFILE__=\"em_usbtimer.c\"" -D BOARD_DEV0680ETM -D
#        "EMBER_AF_API_EMBER_TYPES=\"stack/include/ember-types.h\"" -D
#        EMBER_STACK_IP -D EMBER_RIP_STACK -D HAVE_TLS_JPAKE -D
#        DEBUG_LEVEL=FULL_DEBUG -D
#        "APPLICATION_TOKEN_HEADER=\"thread-token.h\"" -lC
#        C:\SiliconLabs\Thread-1.0.1\app\Thread_Sample_Server\build\lst\
#        --diag_suppress Pa050 -o
#        C:\SiliconLabs\Thread-1.0.1\app\Thread_Sample_Server\build\obj\
#        --debug --endian=little --cpu=Cortex-M3 --no_path_in_file_macros
#        --separate_cluster_for_initialized_variables -e --fpu=None
#        --dlib_config "C:\Program Files (x86)\IAR Systems\Embedded Workbench
#        7.0\arm\INC\c\DLib_Config_Normal.h" -I
#        C:\SiliconLabs\Thread-1.0.1\hal\micro\cortexm3\usb\ -I
#        C:\SiliconLabs\Thread-1.0.1\app\Thread_Sample_Server\ -I
#        C:\SiliconLabs\Thread-1.0.1\app\Thread_Sample_Server\..\..\ -I
#        C:\SiliconLabs\Thread-1.0.1\app\Thread_Sample_Server\..\..\app\util\
#        -I C:\SiliconLabs\Thread-1.0.1\app\Thread_Sample_Server\..\..\stack\
#        -I C:\SiliconLabs\Thread-1.0.1\app\Thread_Sample_Server\..\..\hal\ -I
#        C:\SiliconLabs\Thread-1.0.1\app\Thread_Sample_Server\..\..\hal\..\
#        -Ohz --use_c++_inline
#    List file    =  
#        C:\SiliconLabs\Thread-1.0.1\app\Thread_Sample_Server\build\lst\em_usbtimer.lst
#    Object file  =  
#        C:\SiliconLabs\Thread-1.0.1\app\Thread_Sample_Server\build\obj\em_usbtimer.o
#
###############################################################################

C:\SiliconLabs\Thread-1.0.1\hal\micro\cortexm3\usb\em_usbtimer.c
      1          /***************************************************************************//**
      2           * @file em_usbtimer.c
      3           * @brief USB protocol stack library, timer API.
      4           * @version 3.20.10
      5           *******************************************************************************
      6           * @section License
      7           * <b>(C) Copyright 2014 Silicon Labs, http://www.silabs.com</b>
      8           *******************************************************************************
      9           *
     10           * This file is licensed under the Silabs License Agreement. See the file
     11           * "Silabs_License_Agreement.txt" for details. Before using this software for
     12           * any purpose, you must agree to the terms of that agreement.
     13           *
     14           ******************************************************************************/
     15          
     16          #include PLATFORM_HEADER
     17          #include "stack/include/ember.h"
     18          #include "hal/hal.h"
     19          
     20          #if CORTEXM3_EM35X_USB
     21          #include "em_usb.h"
     22          #include "em_usbtypes.h"
     23          #include "em_usbhal.h"
     24          
     25          /** @cond DO_NOT_INCLUDE_WITH_DOXYGEN */
     26          
     27          #define TMR1_VECNUM 16
     28          #define TMR2_VECNUM 17
     29          
     30          #ifndef USB_TIMER
     31          #define USB_TIMER USB_TIMER0
     32          #endif
     33          
     34          #if ( USB_TIMER == USB_TIMER0 )
     35            #define TMR_INT_MASK      INT_TIM1CFG
     36            #define TMR_CR1           TIM1_CR1
     37            #define TMR_CR2           TIM1_CR2
     38            #define TMR_SMCR          TIM1_SMCR
     39            #define TMR_EGR           TIM1_EGR
     40            #define TMR_CCMR1         TIM1_CCMR1
     41            #define TMR_CCMR2         TIM1_CCMR2
     42            #define TMR_CCER          TIM1_CCER
     43            #define TMR_CNT           TIM1_CNT
     44            #define TMR_PSC           TIM1_PSC
     45            #define TMR_ARR           TIM1_ARR
     46            #define TMR_CCR1          TIM1_CCR1
     47            #define TMR_CCR2          TIM1_CCR2
     48            #define TMR_CCR3          TIM1_CCR3
     49            #define TMR_CCR4          TIM1_CCR4
     50            #define TMR_OR            TIM1_OR
     51            #define TMR_INT_SRC       INT_TIM1FLAG
     52            #define TMR_INT_MISSED    INT_TIM1MISS
     53            #define TMR_VECNUM        TMR1_VECNUM
     54            #define INT_TIM           INT_TIM1
     55          #elif ( USB_TIMER == USB_TIMER1 )
     56            #define TMR_INT_MASK      INT_TIM2CFG
     57            #define TMR_CR1           TIM2_CR1
     58            #define TMR_CR2           TIM2_CR2
     59            #define TMR_SMCR          TIM2_SMCR
     60            #define TMR_EGR           TIM2_EGR
     61            #define TMR_CCMR1         TIM2_CCMR1
     62            #define TMR_CCMR2         TIM2_CCMR2
     63            #define TMR_CCER          TIM2_CCER
     64            #define TMR_CNT           TIM2_CNT
     65            #define TMR_PSC           TIM2_PSC
     66            #define TMR_ARR           TIM2_ARR
     67            #define TMR_CCR1          TIM2_CCR1
     68            #define TMR_CCR2          TIM2_CCR2
     69            #define TMR_CCR3          TIM2_CCR3
     70            #define TMR_CCR4          TIM2_CCR4
     71            #define TMR_OR            TIM2_OR
     72            #define TMR_INT_SRC       INT_TIM2FLAG
     73            #define TMR_INT_MISSED    INT_TIM2MISS
     74            #define TMR_VECNUM        TMR2_VECNUM
     75            #define INT_TIM           INT_TIM2
     76          #else
     77          #error "Illegal USB TIMER definition"
     78          #endif
     79          
     80          
     81          typedef struct _timer
     82          {
     83            uint32_t                  timeout;  /* Delta value relative to prev. timer */
     84            struct _timer             *next;
     85            USBTIMER_Callback_TypeDef callback;
     86            bool                      running;
     87          } USBTIMER_Timer_TypeDef;
     88          
     89          #if ( NUM_QTIMERS > 0 )
     90          static USBTIMER_Timer_TypeDef timers[ NUM_QTIMERS ];
     91          static USBTIMER_Timer_TypeDef *head = NULL;
     92          #endif
     93          

   \                                 In section .bss, align 4
     94          static uint32_t ticksPrMs, ticksPr1us, ticksPr10us, ticksPr100us;
   \                     ticksPrMs:
   \   00000000                      DS8 4
   \   00000004                      DS8 4
   \   00000008                      DS8 4
   \   0000000C                      DS8 4
     95          
     96          #if ( NUM_QTIMERS > 0 )
     97          
     98          static void TimerTick( void );
     99          
    100          void TIMER_IRQHandler( void )
    101          {
    102            if ( TMR_INT_SRC & INT_TIMCC1IF )
    103            {
    104              // clear compare interrupt flag
    105              TMR_INT_SRC |= INT_TIMCC1IF_MASK;
    106              //set compare register
    107              TMR_CCR1 = TMR_CNT + ticksPrMs;
    108              
    109              TimerTick();
    110            }
    111          }
    112          #endif /* ( NUM_QTIMERS > 0 ) */
    113          

   \                                 In section .text, align 2, keep-with-next
    114          static void DelayTicks( uint16_t ticks )
    115          {
   \                     DelayTicks: (+1)
   \   00000000   0xB081             SUB      SP,SP,#+4
    116            uint16_t startTime;
    117            volatile uint16_t now;
    118          
    119            if ( ticks )
   \   00000002   0xB158             CBZ.N    R0,??DelayTicks_0
    120            {
    121              startTime = TMR_CNT;
   \   00000004   0x....             LDR.N    R1,??DataTable2  ;; 0x4000f024
   \   00000006   0x680A             LDR      R2,[R1, #+0]
   \   00000008   0xB292             UXTH     R2,R2
    122              do
    123              {
    124                now = TMR_CNT;
   \                     ??DelayTicks_1: (+1)
   \   0000000A   0x680B             LDR      R3,[R1, #+0]
   \   0000000C   0xF8AD 0x3000      STRH     R3,[SP, #+0]
    125              } while ( (uint16_t)( now - startTime ) < ticks );
   \   00000010   0xF8BD 0x3000      LDRH     R3,[SP, #+0]
   \   00000014   0x1A9B             SUBS     R3,R3,R2
   \   00000016   0xB29B             UXTH     R3,R3
   \   00000018   0x4283             CMP      R3,R0
   \   0000001A   0xD3F6             BCC.N    ??DelayTicks_1
    126            }
    127          }
   \                     ??DelayTicks_0: (+1)
   \   0000001C   0xB001             ADD      SP,SP,#+4
   \   0000001E   0x4770             BX       LR               ;; return
    128          
    129          /** @endcond */
    130          
    131          /** @addtogroup USB_COMMON
    132           *  @{*/
    133          
    134          /***************************************************************************//**
    135           * @brief
    136           *   Active wait millisecond delay function. Can also be used inside
    137           *   interrupt handlers.
    138           *
    139           * @param[in] msec
    140           *   Number of milliseconds to wait.
    141           ******************************************************************************/

   \                                 In section .text, align 2, keep-with-next
    142          void USBTIMER_DelayMs( uint32_t msec )
    143          {
   \                     USBTIMER_DelayMs: (+1)
   \   00000000   0xB538             PUSH     {R3-R5,LR}
    144            uint64_t totalTicks;
    145          
    146            totalTicks = (uint64_t)ticksPrMs * msec;
   \   00000002   0x....             LDR.N    R1,??DataTable2_1
   \   00000004   0x6809             LDR      R1,[R1, #+0]
   \   00000006   0xFBA0 0x4501      UMULL    R4,R5,R0,R1
   \   0000000A   0xE008             B.N      ??USBTIMER_DelayMs_0
    147            while ( totalTicks > 20000 )
    148            {
    149              DelayTicks( 20000 );
   \                     ??USBTIMER_DelayMs_1: (+1)
   \   0000000C   0xF644 0x6020      MOVW     R0,#+20000
   \   00000010   0x.... 0x....      BL       DelayTicks
    150              totalTicks -= 20000;
   \   00000014   0x....             LDR.N    R0,??DataTable2_2  ;; 0xffffb1e0
   \   00000016   0xF04F 0x31FF      MOV      R1,#-1
   \   0000001A   0x1824             ADDS     R4,R4,R0
   \   0000001C   0x414D             ADCS     R5,R5,R1
    151            }
   \                     ??USBTIMER_DelayMs_0: (+1)
   \   0000001E   0x2100             MOVS     R1,#+0
   \   00000020   0x428D             CMP      R5,R1
   \   00000022   0xF644 0x6021      MOVW     R0,#+20001
   \   00000026   0xD8F1             BHI.N    ??USBTIMER_DelayMs_1
   \   00000028   0x4284             CMP      R4,R0
   \   0000002A   0xD2EF             BCS.N    ??USBTIMER_DelayMs_1
    152            DelayTicks( (uint16_t)totalTicks );
   \   0000002C   0x....             B.N      ?Subroutine0
    153          }

   \                                 In section .text, align 2, keep-with-next
   \                     ?Subroutine0: (+1)
   \   00000000   0xB2A0             UXTH     R0,R4
   \   00000002   0xE8BD 0x4032      POP      {R1,R4,R5,LR}
   \   00000006   0x....             B.N      DelayTicks
    154          
    155          /***************************************************************************//**
    156           * @brief
    157           *   Active wait microsecond delay function. Can also be used inside
    158           *   interrupt handlers.
    159           *
    160           * @param[in] usec
    161           *   Number of microseconds to wait.
    162           ******************************************************************************/

   \                                 In section .text, align 2, keep-with-next
    163          void USBTIMER_DelayUs( uint32_t usec )
    164          {
   \                     USBTIMER_DelayUs: (+1)
   \   00000000   0xB538             PUSH     {R3-R5,LR}
    165            uint64_t totalTicks;
    166          
    167            totalTicks = (uint64_t)ticksPr1us * usec;
   \   00000002   0x....             LDR.N    R1,??DataTable2_1
   \   00000004   0x684A             LDR      R2,[R1, #+4]
   \   00000006   0xFBA0 0x4502      UMULL    R4,R5,R0,R2
    168            if ( totalTicks == 0 )
   \   0000000A   0xB9D5             CBNZ.N   R5,??USBTIMER_DelayUs_0
   \   0000000C   0x2C00             CMP      R4,#+0
   \   0000000E   0xD118             BNE.N    ??USBTIMER_DelayUs_0
    169            {
    170              usec /= 10;
   \   00000010   0x220A             MOVS     R2,#+10
   \   00000012   0xFBB0 0xF0F2      UDIV     R0,R0,R2
    171              totalTicks = (uint64_t)ticksPr10us * usec;
   \   00000016   0x688A             LDR      R2,[R1, #+8]
   \   00000018   0xFBA0 0x4502      UMULL    R4,R5,R0,R2
    172          
    173              if ( totalTicks == 0 )
   \   0000001C   0xB98D             CBNZ.N   R5,??USBTIMER_DelayUs_0
   \   0000001E   0x2C00             CMP      R4,#+0
   \   00000020   0xD10F             BNE.N    ??USBTIMER_DelayUs_0
    174              {
    175                usec /= 10;
    176                totalTicks = (uint64_t)ticksPr100us * usec;
   \   00000022   0x68C9             LDR      R1,[R1, #+12]
   \   00000024   0x220A             MOVS     R2,#+10
   \   00000026   0xFBB0 0xF0F2      UDIV     R0,R0,R2
   \   0000002A   0xFBA0 0x4501      UMULL    R4,R5,R0,R1
   \   0000002E   0xE008             B.N      ??USBTIMER_DelayUs_0
    177              }
    178            }
    179          
    180            while ( totalTicks > 60000 )
    181            {
    182              DelayTicks( 60000 );
   \                     ??USBTIMER_DelayUs_1: (+1)
   \   00000030   0xF64E 0x2060      MOVW     R0,#+60000
   \   00000034   0x.... 0x....      BL       DelayTicks
    183              totalTicks -= 60000;
   \   00000038   0x....             LDR.N    R0,??DataTable2_3  ;; 0xffff15a0
   \   0000003A   0xF04F 0x31FF      MOV      R1,#-1
   \   0000003E   0x1824             ADDS     R4,R4,R0
   \   00000040   0x414D             ADCS     R5,R5,R1
    184            }
   \                     ??USBTIMER_DelayUs_0: (+1)
   \   00000042   0x2100             MOVS     R1,#+0
   \   00000044   0x428D             CMP      R5,R1
   \   00000046   0xF64E 0x2061      MOVW     R0,#+60001
   \   0000004A   0xD8F1             BHI.N    ??USBTIMER_DelayUs_1
   \   0000004C   0x4284             CMP      R4,R0
   \   0000004E   0xD2EF             BCS.N    ??USBTIMER_DelayUs_1
    185            DelayTicks( (uint16_t)totalTicks );
   \   00000050                      REQUIRE ?Subroutine0
   \   00000050                      ;; // Fall through to label ?Subroutine0
    186          }
    187          
    188          /***************************************************************************//**
    189           * @brief
    190           *   Activate the hardware timer used to pace the 1 millisecond timer system.
    191           *
    192           * @details
    193           *   Call this function whenever the HFPERCLK frequency is changed.
    194           *   This function is initially called by HOST and DEVICE stack xxxx_Init()
    195           *   functions.
    196           ******************************************************************************/

   \                                 In section .text, align 2, keep-with-next
    197          void USBTIMER_Init( void )
    198          {
   \                     USBTIMER_Init: (+1)
   \   00000000   0xB580             PUSH     {R7,LR}
    199            uint32_t freq;
    200            freq = halPeripheralClockHz();
   \   00000002   0x.... 0x....      BL       halPeripheralClockHz
    201            ticksPrMs = ( freq + 500 ) / 1000;
   \   00000006   0x....             LDR.N    R1,??DataTable2_1
   \   00000008   0xF500 0x72FA      ADD      R2,R0,#+500
   \   0000000C   0xF44F 0x737A      MOV      R3,#+1000
   \   00000010   0xFBB2 0xF2F3      UDIV     R2,R2,R3
   \   00000014   0x600A             STR      R2,[R1, #+0]
    202            ticksPr1us = ( freq + 500000 ) / 1000000;
   \   00000016   0x....             LDR.N    R3,??DataTable2_4  ;; 0xf4240
   \   00000018   0x....             LDR.N    R2,??DataTable2_5  ;; 0x7a120
   \   0000001A   0x1812             ADDS     R2,R2,R0
   \   0000001C   0xFBB2 0xF2F3      UDIV     R2,R2,R3
   \   00000020   0x604A             STR      R2,[R1, #+4]
    203            ticksPr10us = ( freq + 50000 ) / 100000;
   \   00000022   0xF500 0x4243      ADD      R2,R0,#+49920
   \   00000026   0x3250             ADDS     R2,R2,#+80
   \   00000028   0x....             LDR.N    R3,??DataTable2_6  ;; 0x186a0
   \   0000002A   0xFBB2 0xF2F3      UDIV     R2,R2,R3
   \   0000002E   0x608A             STR      R2,[R1, #+8]
    204            ticksPr100us = ( freq + 5000 ) / 10000;
   \   00000030   0xF500 0x5098      ADD      R0,R0,#+4864
   \   00000034   0x3088             ADDS     R0,R0,#+136
   \   00000036   0xF242 0x7210      MOVW     R2,#+10000
   \   0000003A   0xFBB0 0xF0F2      UDIV     R0,R0,R2
   \   0000003E   0x60C8             STR      R0,[R1, #+12]
    205          
    206          #if ( NUM_QTIMERS > 0 )
    207            halRegisterRamVector(TMR_VECNUM, (uint32_t)TIMER_IRQHandler);
    208            //set compare register
    209            TMR_CCR1 = TMR_CNT + ticksPrMs;
    210            // enable interrupt
    211            TMR_INT_MASK = INT_TIMCC1IF;
    212            INT_CFGSET = INT_TIM;  
    213          #endif /* ( NUM_QTIMERS > 0 ) */
    214            //configure channel as output
    215            TMR_CCMR1 &= ~TIM_CC1S_MASK;
   \   00000040   0x....             LDR.N    R0,??DataTable2_7  ;; 0x4000f000
   \   00000042   0x6981             LDR      R1,[R0, #+24]
   \   00000044   0x0889             LSRS     R1,R1,#+2
   \   00000046   0x0089             LSLS     R1,R1,#+2
   \   00000048   0x6181             STR      R1,[R0, #+24]
    216            //enable output pin
    217            TMR_CCER |= TIM_CC1E_MASK;
   \   0000004A   0x6A01             LDR      R1,[R0, #+32]
   \   0000004C   0xF041 0x0101      ORR      R1,R1,#0x1
   \   00000050   0x6201             STR      R1,[R0, #+32]
    218            //set output mode to toggle output pin when counter reaches
    219            //compare values, preload is not used and the output pin is
    220            //active high.
    221            TMR_CCMR1 &= ~TIM_OC1M_MASK;
   \   00000052   0x6981             LDR      R1,[R0, #+24]
   \   00000054   0xF021 0x0170      BIC      R1,R1,#0x70
   \   00000058   0x6181             STR      R1,[R0, #+24]
    222            TMR_CCMR1 |= (0x3 << TIM_OC1M_BIT);
   \   0000005A   0x6981             LDR      R1,[R0, #+24]
   \   0000005C   0xF041 0x0130      ORR      R1,R1,#0x30
   \   00000060   0x6181             STR      R1,[R0, #+24]
    223            //enable timer
    224            TMR_CR1 |= TIM_CEN_MASK;
   \   00000062   0x6801             LDR      R1,[R0, #+0]
   \   00000064   0xF041 0x0101      ORR      R1,R1,#0x1
   \   00000068   0x6001             STR      R1,[R0, #+0]
    225          }
   \   0000006A   0xBD01             POP      {R0,PC}          ;; return

   \                                 In section .text, align 4, keep-with-next
   \                     ??DataTable2:
   \   00000000   0x4000F024         DC32     0x4000f024

   \                                 In section .text, align 4, keep-with-next
   \                     ??DataTable2_1:
   \   00000000   0x........         DC32     ticksPrMs

   \                                 In section .text, align 4, keep-with-next
   \                     ??DataTable2_2:
   \   00000000   0xFFFFB1E0         DC32     0xffffb1e0

   \                                 In section .text, align 4, keep-with-next
   \                     ??DataTable2_3:
   \   00000000   0xFFFF15A0         DC32     0xffff15a0

   \                                 In section .text, align 4, keep-with-next
   \                     ??DataTable2_4:
   \   00000000   0x000F4240         DC32     0xf4240

   \                                 In section .text, align 4, keep-with-next
   \                     ??DataTable2_5:
   \   00000000   0x0007A120         DC32     0x7a120

   \                                 In section .text, align 4, keep-with-next
   \                     ??DataTable2_6:
   \   00000000   0x000186A0         DC32     0x186a0

   \                                 In section .text, align 4, keep-with-next
   \                     ??DataTable2_7:
   \   00000000   0x4000F000         DC32     0x4000f000
    226          
    227          #if ( NUM_QTIMERS > 0 ) || defined( DOXY_DOC_ONLY )
    228          /***************************************************************************//**
    229           * @brief
    230           *   Start a timer.
    231           *
    232           * @details
    233           *   If the timer is already running, it will be restarted with new timeout.
    234           *
    235           * @param[in] id
    236           *   Timer id (0..).
    237           *
    238           * @param[in] timeout
    239           *   Number of milliseconds before timer will elapse.
    240           *
    241           * @param[in] callback
    242           *   Function to be called on timer elapse, ref. @ref USBTIMER_Callback_TypeDef.
    243           ******************************************************************************/
    244          void USBTIMER_Start( uint32_t id, uint32_t timeout,
    245                               USBTIMER_Callback_TypeDef callback )
    246          {
    247            uint32_t accumulated;
    248            USBTIMER_Timer_TypeDef *this, **last;
    249          
    250            
    251            DECLARE_INTERRUPT_STATE;
    252            DISABLE_INTERRUPTS();
    253          
    254            if ( timers[ id ].running )
    255            {
    256              USBTIMER_Stop( id );
    257            }
    258          
    259            if ( timeout == 0 )
    260            {
    261              callback();
    262              RESTORE_INTERRUPTS();
    263              return;
    264            }
    265          
    266            timers[ id ].running  = true;
    267            timers[ id ].callback = callback;
    268            timers[ id ].next     = NULL;
    269          
    270            if ( !head )                                        /* Queue empty ? */
    271            {
    272              timers[ id ].timeout  = timeout;
    273              head = &timers[ id ];
    274            }
    275            else
    276            {
    277              this = head;
    278              last = &head;
    279              accumulated = 0;
    280          
    281              /* Do a sorted insert */
    282              while ( this  )
    283              {
    284                if ( timeout < accumulated + this->timeout )  /* Insert before "this" ? */
    285                {
    286                  timers[ id ].timeout  = timeout - accumulated;
    287                  timers[ id ].next     = this;
    288                  *last = &timers[ id ];
    289                  this->timeout -= timers[ id ].timeout;        /* Adjust timeout     */
    290                  break;
    291                }
    292                else if ( this->next == NULL )                  /* At end of queue ?  */
    293                {
    294                  timers[ id ].timeout  = timeout - accumulated - this->timeout;
    295                  this->next = &timers[ id ];
    296                  break;
    297                }
    298                accumulated += this->timeout;
    299                last = &this->next;
    300                this = this->next;
    301              }
    302            }
    303          
    304            RESTORE_INTERRUPTS();
    305          }
    306          
    307          /***************************************************************************//**
    308           * @brief
    309           *   Stop a timer.
    310           *
    311           * @param[in] id
    312           *   Timer id (0..).
    313           ******************************************************************************/
    314          void USBTIMER_Stop( uint32_t id )
    315          {
    316            USBTIMER_Timer_TypeDef *this, **last;
    317          
    318            ATOMIC(
    319            if ( head )                                           /* Queue empty ?    */
    320            {
    321              this = head;
    322              last = &head;
    323              timers[ id ].running = false;
    324          
    325              while ( this  )
    326              {
    327                if ( this == &timers[ id ] )                      /* Correct timer ?  */
    328                {
    329                  if ( this->next )
    330                  {
    331                    this->next->timeout += timers[ id ].timeout;  /* Adjust timeout   */
    332                  }
    333                  *last = this->next;
    334                  break;
    335                }
    336                last = &this->next;
    337                this = this->next;
    338              }
    339            }
    340            ) //ATOMIC
    341          }
    342          #endif /* ( NUM_QTIMERS > 0 ) */
    343          
    344          /** @} (end addtogroup USB_COMMON) */
    345          
    346          #if ( NUM_QTIMERS > 0 )
    347          /** @cond DO_NOT_INCLUDE_WITH_DOXYGEN */
    348          
    349          static void TimerTick( void )
    350          {
    351            USBTIMER_Callback_TypeDef cb;
    352          
    353            ATOMIC(
    354            if ( head )
    355            {
    356              head->timeout--;
    357          
    358              while ( head  )
    359              {
    360                if ( head->timeout == 0 )
    361                {
    362                  cb = head->callback;
    363                  head->running = false;
    364                  head = head->next;
    365                  /* The callback may place new items in the queue !!! */
    366                  if ( cb )
    367                  {
    368                    (cb)();
    369                  }
    370                  continue; /* There might be more than one timeout pr. tick */
    371                }
    372                break;
    373              }
    374            }
    375            ) //ATOMIC
    376          }
    377          /** @endcond */
    378          #endif /* ( NUM_QTIMERS > 0 ) */
    379          
    380          #endif //CORTEXM3_EM35X_USB

   Maximum stack usage in bytes:

   .cstack Function
   ------- --------
       4   DelayTicks
      16   USBTIMER_DelayMs
         0   -> DelayTicks
        16   -> DelayTicks
      16   USBTIMER_DelayUs
         0   -> DelayTicks
        16   -> DelayTicks
       8   USBTIMER_Init
         8   -> halPeripheralClockHz


   Section sizes:

   Bytes  Function/Label
   -----  --------------
       4  ??DataTable2
       4  ??DataTable2_1
       4  ??DataTable2_2
       4  ??DataTable2_3
       4  ??DataTable2_4
       4  ??DataTable2_5
       4  ??DataTable2_6
       4  ??DataTable2_7
       8  ?Subroutine0
      32  DelayTicks
      46  USBTIMER_DelayMs
      80  USBTIMER_DelayUs
     108  USBTIMER_Init
      16  ticksPrMs
          ticksPr1us
          ticksPr10us
          ticksPr100us

 
  16 bytes in section .bss
 306 bytes in section .text
 
 306 bytes of CODE memory
  16 bytes of DATA memory

Errors: none
Warnings: none
