###############################################################################
#
# IAR ANSI C/C++ Compiler V7.30.1.7746/W32 for ARM        28/Sep/2015  13:29:28
# Copyright 1999-2014 IAR Systems AB.
#
#    Cpu mode     =  thumb
#    Endian       =  little
#    Source file  =  
#        C:\SiliconLabs\Thread-1.0.1\app\thread\plugin\heartbeat\heartbeat.c
#    Command line =  
#        C:\SiliconLabs\Thread-1.0.1\app\thread\plugin\heartbeat\heartbeat.c -D
#        APP_BTL -D CORTEXM3 -D CORTEXM3_EMBER_MICRO -D CORTEXM3_EM3588 -D
#        PHY_EM3XX -D "BOARD_HEADER=\"thread-board.h\"" -D
#        "CONFIGURATION_HEADER=\"thread-configuration.h\"" -D
#        "PLATFORM_HEADER=\"hal/micro/cortexm3/compiler/iar.h\"" -D
#        "__SOURCEFILE__=\"heartbeat.c\"" -D BOARD_DEV0680ETM -D
#        "EMBER_AF_API_EMBER_TYPES=\"stack/include/ember-types.h\"" -D
#        EMBER_STACK_IP -D EMBER_RIP_STACK -D HAVE_TLS_JPAKE -D
#        DEBUG_LEVEL=FULL_DEBUG -D
#        "APPLICATION_TOKEN_HEADER=\"thread-token.h\"" -lC
#        C:\SiliconLabs\Thread-1.0.1\app\Thread_Sample_Server\build\lst\
#        --diag_suppress Pa050 -o
#        C:\SiliconLabs\Thread-1.0.1\app\Thread_Sample_Server\build\obj\
#        --debug --endian=little --cpu=Cortex-M3 --no_path_in_file_macros
#        --separate_cluster_for_initialized_variables -e --fpu=None
#        --dlib_config "C:\Program Files (x86)\IAR Systems\Embedded Workbench
#        7.0\arm\INC\c\DLib_Config_Normal.h" -I
#        C:\SiliconLabs\Thread-1.0.1\app\thread\plugin\heartbeat\ -I
#        C:\SiliconLabs\Thread-1.0.1\app\Thread_Sample_Server\ -I
#        C:\SiliconLabs\Thread-1.0.1\app\Thread_Sample_Server\..\..\ -I
#        C:\SiliconLabs\Thread-1.0.1\app\Thread_Sample_Server\..\..\app\util\
#        -I C:\SiliconLabs\Thread-1.0.1\app\Thread_Sample_Server\..\..\stack\
#        -I C:\SiliconLabs\Thread-1.0.1\app\Thread_Sample_Server\..\..\hal\ -I
#        C:\SiliconLabs\Thread-1.0.1\app\Thread_Sample_Server\..\..\hal\..\
#        -Ohz --use_c++_inline
#    List file    =  
#        C:\SiliconLabs\Thread-1.0.1\app\Thread_Sample_Server\build\lst\heartbeat.lst
#    Object file  =  
#        C:\SiliconLabs\Thread-1.0.1\app\Thread_Sample_Server\build\obj\heartbeat.o
#
###############################################################################

C:\SiliconLabs\Thread-1.0.1\app\thread\plugin\heartbeat\heartbeat.c
      1          // Copyright 2015 Silicon Laboratories, Inc.
      2          
      3          #include PLATFORM_HEADER
      4          #include CONFIGURATION_HEADER
      5          #include EMBER_AF_API_HAL
      6          

   \                                 In section .text, align 4, keep-with-next
      7          void emberAfPluginHeartbeatTickCallback(void)
      8          {
   \                     emberAfPluginHeartbeatTickCallback: (+1)
   \   00000000   0xB538             PUSH     {R3-R5,LR}
      9            static uint32_t lastMs = 0;
     10            uint32_t nowMs = halCommonGetInt32uMillisecondTick();
   \   00000002   0x.... 0x....      BL       halCommonGetInt32uMillisecondTick
     11            if (EMBER_AF_PLUGIN_HEARTBEAT_PERIOD_QS * MILLISECOND_TICKS_PER_QUARTERSECOND
     12                < elapsedTimeInt32u(lastMs, nowMs)) {
   \   00000006   0x4D06             LDR.N    R5,??emberAfPluginHeartbeatTickCallback_0
   \   00000008   0x4604             MOV      R4,R0
   \   0000000A   0x6828             LDR      R0,[R5, #+0]
   \   0000000C   0x1A20             SUBS     R0,R4,R0
   \   0000000E   0xF5B0 0x7F80      CMP      R0,#+256
   \   00000012   0xD903             BLS.N    ??emberAfPluginHeartbeatTickCallback_1
     13              halToggleLed(BOARD_HEARTBEAT_LED);
   \   00000014   0x2007             MOVS     R0,#+7
   \   00000016   0x.... 0x....      BL       halToggleLed
     14              lastMs = nowMs;
   \   0000001A   0x602C             STR      R4,[R5, #+0]
     15            }
     16          }
   \                     ??emberAfPluginHeartbeatTickCallback_1: (+1)
   \   0000001C   0xBD31             POP      {R0,R4,R5,PC}    ;; return
   \   0000001E   0xBF00             Nop      
   \                     ??emberAfPluginHeartbeatTickCallback_0:
   \   00000020   0x........         DC32     ??lastMs

   \                                 In section .bss, align 4
   \                     ??lastMs:
   \   00000000                      DS8 4

   Maximum stack usage in bytes:

   .cstack Function
   ------- --------
      16   emberAfPluginHeartbeatTickCallback
        16   -> halCommonGetInt32uMillisecondTick
        16   -> halToggleLed


   Section sizes:

   Bytes  Function/Label
   -----  --------------
      36  emberAfPluginHeartbeatTickCallback
       4  lastMs

 
  4 bytes in section .bss
 36 bytes in section .text
 
 36 bytes of CODE memory
  4 bytes of DATA memory

Errors: none
Warnings: none
