###############################################################################
#
# IAR ANSI C/C++ Compiler V7.30.1.7746/W32 for ARM        28/Sep/2015  13:29:33
# Copyright 1999-2014 IAR Systems AB.
#
#    Cpu mode     =  thumb
#    Endian       =  little
#    Source file  =  
#        C:\SiliconLabs\Thread-1.0.1\app\util\bootload\tftp\tftp-15-4.c
#    Command line =  
#        C:\SiliconLabs\Thread-1.0.1\app\util\bootload\tftp\tftp-15-4.c -D
#        APP_BTL -D CORTEXM3 -D CORTEXM3_EMBER_MICRO -D CORTEXM3_EM3588 -D
#        PHY_EM3XX -D "BOARD_HEADER=\"thread-board.h\"" -D
#        "CONFIGURATION_HEADER=\"thread-configuration.h\"" -D
#        "PLATFORM_HEADER=\"hal/micro/cortexm3/compiler/iar.h\"" -D
#        "__SOURCEFILE__=\"tftp-15-4.c\"" -D BOARD_DEV0680ETM -D
#        "EMBER_AF_API_EMBER_TYPES=\"stack/include/ember-types.h\"" -D
#        EMBER_STACK_IP -D EMBER_RIP_STACK -D HAVE_TLS_JPAKE -D
#        DEBUG_LEVEL=FULL_DEBUG -D
#        "APPLICATION_TOKEN_HEADER=\"thread-token.h\"" -lC
#        C:\SiliconLabs\Thread-1.0.1\app\Thread_Sample_Server\build\lst\
#        --diag_suppress Pa050 -o
#        C:\SiliconLabs\Thread-1.0.1\app\Thread_Sample_Server\build\obj\
#        --debug --endian=little --cpu=Cortex-M3 --no_path_in_file_macros
#        --separate_cluster_for_initialized_variables -e --fpu=None
#        --dlib_config "C:\Program Files (x86)\IAR Systems\Embedded Workbench
#        7.0\arm\INC\c\DLib_Config_Normal.h" -I
#        C:\SiliconLabs\Thread-1.0.1\app\util\bootload\tftp\ -I
#        C:\SiliconLabs\Thread-1.0.1\app\Thread_Sample_Server\ -I
#        C:\SiliconLabs\Thread-1.0.1\app\Thread_Sample_Server\..\..\ -I
#        C:\SiliconLabs\Thread-1.0.1\app\Thread_Sample_Server\..\..\app\util\
#        -I C:\SiliconLabs\Thread-1.0.1\app\Thread_Sample_Server\..\..\stack\
#        -I C:\SiliconLabs\Thread-1.0.1\app\Thread_Sample_Server\..\..\hal\ -I
#        C:\SiliconLabs\Thread-1.0.1\app\Thread_Sample_Server\..\..\hal\..\
#        -Ohz --use_c++_inline
#    List file    =  
#        C:\SiliconLabs\Thread-1.0.1\app\Thread_Sample_Server\build\lst\tftp-15-4.lst
#    Object file  =  
#        C:\SiliconLabs\Thread-1.0.1\app\Thread_Sample_Server\build\obj\tftp-15-4.o
#
###############################################################################

C:\SiliconLabs\Thread-1.0.1\app\util\bootload\tftp\tftp-15-4.c
      1          // File: tftp-bootloader-15-4.c
      2          //
      3          // Description: non-POSIX TFTP Bootloader functionality
      4          //
      5          // Copyright 2013 by Silicon Laboratories. All rights reserved.             *80*
      6          
      7          #include PLATFORM_HEADER
      8          #include "stack/include/ember.h"
      9          #include "stack/core/ember-stack.h"
     10          #include "stack/ip/dispatch.h"
     11          #include "stack/ip/ip-header.h"
     12          #include "app/util/bootload/tftp/tftp.h"
     13          

   \                                 In section .text, align 2, keep-with-next
     14          bool emSendTftpPacket(const uint8_t *payload, uint16_t payloadLength)
     15          {
   \                     emSendTftpPacket: (+1)
   \   00000000   0xB500             PUSH     {LR}
   \   00000002   0xB099             SUB      SP,SP,#+100
     16            Ipv6Header ipHeader;
     17            PacketHeader query = emMakeUdpHeader(&ipHeader,
     18                                                 IP_HEADER_NO_OPTIONS,
     19                                                 emTftpRemoteIp.bytes,
     20                                                 255,
     21                                                 emTftpLocalTid,
     22                                                 emTftpRemoteTid,
     23                                                 (uint8_t*)payload,
     24                                                 payloadLength,
     25                                                 0);
   \   00000004   0x2200             MOVS     R2,#+0
   \   00000006   0x9003             STR      R0,[SP, #+12]
   \   00000008   0x9104             STR      R1,[SP, #+16]
   \   0000000A   0x9205             STR      R2,[SP, #+20]
   \   0000000C   0x2100             MOVS     R1,#+0
   \   0000000E   0x....             LDR.N    R0,??DataTable0
   \   00000010   0x....             LDR.N    R3,??DataTable0_1
   \   00000012   0x8800             LDRH     R0,[R0, #+0]
   \   00000014   0x9002             STR      R0,[SP, #+8]
   \   00000016   0x....             LDR.N    R0,??DataTable0_2
   \   00000018   0x8800             LDRH     R0,[R0, #+0]
   \   0000001A   0x9001             STR      R0,[SP, #+4]
   \   0000001C   0x20FF             MOVS     R0,#+255
   \   0000001E   0x9000             STR      R0,[SP, #+0]
   \   00000020   0xA806             ADD      R0,SP,#+24
   \   00000022   0x.... 0x....      BL       emMakeTaggedUdpHeader
     26            return emSubmitIpHeader(query, &ipHeader);
   \   00000026   0x2100             MOVS     R1,#+0
   \   00000028   0x9100             STR      R1,[SP, #+0]
   \   0000002A   0x23FF             MOVS     R3,#+255
   \   0000002C   0x2201             MOVS     R2,#+1
   \   0000002E   0xA906             ADD      R1,SP,#+24
   \   00000030   0x.... 0x....      BL       emReallySubmitIpHeader
   \   00000034   0xB019             ADD      SP,SP,#+100
   \   00000036   0xBD00             POP      {PC}             ;; return
     27          }
     28          

   \                                 In section .text, align 2, keep-with-next
     29          void emTftpListenStatusHandler(uint16_t port, EmberIpv6Address *address)
     30          {
     31          }
   \                     emTftpListenStatusHandler: (+1)
   \   00000000   0x4770             BX       LR               ;; return
     32          

   \                                 In section .text, align 2, keep-with-next
     33          void emResetTftp(void)
     34          {
     35            emReallyResetTftp();
   \                     emResetTftp: (+1)
   \   00000000   0x.... 0x....      B.W      emReallyResetTftp
     36          }

   \                                 In section .text, align 4, keep-with-next
   \                     ??DataTable0:
   \   00000000   0x........         DC32     emTftpRemoteTid

   \                                 In section .text, align 4, keep-with-next
   \                     ??DataTable0_1:
   \   00000000   0x........         DC32     emTftpRemoteIp

   \                                 In section .text, align 4, keep-with-next
   \                     ??DataTable0_2:
   \   00000000   0x........         DC32     emTftpLocalTid

   Maximum stack usage in bytes:

   .cstack Function
   ------- --------
       0   emResetTftp
         0   -> emReallyResetTftp
     104   emSendTftpPacket
       104   -> emMakeTaggedUdpHeader
       104   -> emReallySubmitIpHeader
       0   emTftpListenStatusHandler


   Section sizes:

   Bytes  Function/Label
   -----  --------------
       4  ??DataTable0
       4  ??DataTable0_1
       4  ??DataTable0_2
       4  emResetTftp
      56  emSendTftpPacket
       2  emTftpListenStatusHandler

 
 74 bytes in section .text
 
 74 bytes of CODE memory

Errors: none
Warnings: none
