###############################################################################
#
# IAR ANSI C/C++ Compiler V7.30.1.7746/W32 for ARM        28/Sep/2015  13:29:33
# Copyright 1999-2014 IAR Systems AB.
#
#    Cpu mode     =  thumb
#    Endian       =  little
#    Source file  =  
#        C:\SiliconLabs\Thread-1.0.1\app\util\bootload\tftp-bootloader\tftp-bootloader-15-4.c
#    Command line =  
#        C:\SiliconLabs\Thread-1.0.1\app\util\bootload\tftp-bootloader\tftp-bootloader-15-4.c
#        -D APP_BTL -D CORTEXM3 -D CORTEXM3_EMBER_MICRO -D CORTEXM3_EM3588 -D
#        PHY_EM3XX -D "BOARD_HEADER=\"thread-board.h\"" -D
#        "CONFIGURATION_HEADER=\"thread-configuration.h\"" -D
#        "PLATFORM_HEADER=\"hal/micro/cortexm3/compiler/iar.h\"" -D
#        "__SOURCEFILE__=\"tftp-bootloader-15-4.c\"" -D BOARD_DEV0680ETM -D
#        "EMBER_AF_API_EMBER_TYPES=\"stack/include/ember-types.h\"" -D
#        EMBER_STACK_IP -D EMBER_RIP_STACK -D HAVE_TLS_JPAKE -D
#        DEBUG_LEVEL=FULL_DEBUG -D
#        "APPLICATION_TOKEN_HEADER=\"thread-token.h\"" -lC
#        C:\SiliconLabs\Thread-1.0.1\app\Thread_Sample_Server\build\lst\
#        --diag_suppress Pa050 -o
#        C:\SiliconLabs\Thread-1.0.1\app\Thread_Sample_Server\build\obj\
#        --debug --endian=little --cpu=Cortex-M3 --no_path_in_file_macros
#        --separate_cluster_for_initialized_variables -e --fpu=None
#        --dlib_config "C:\Program Files (x86)\IAR Systems\Embedded Workbench
#        7.0\arm\INC\c\DLib_Config_Normal.h" -I
#        C:\SiliconLabs\Thread-1.0.1\app\util\bootload\tftp-bootloader\ -I
#        C:\SiliconLabs\Thread-1.0.1\app\Thread_Sample_Server\ -I
#        C:\SiliconLabs\Thread-1.0.1\app\Thread_Sample_Server\..\..\ -I
#        C:\SiliconLabs\Thread-1.0.1\app\Thread_Sample_Server\..\..\app\util\
#        -I C:\SiliconLabs\Thread-1.0.1\app\Thread_Sample_Server\..\..\stack\
#        -I C:\SiliconLabs\Thread-1.0.1\app\Thread_Sample_Server\..\..\hal\ -I
#        C:\SiliconLabs\Thread-1.0.1\app\Thread_Sample_Server\..\..\hal\..\
#        -Ohz --use_c++_inline
#    List file    =  
#        C:\SiliconLabs\Thread-1.0.1\app\Thread_Sample_Server\build\lst\tftp-bootloader-15-4.lst
#    Object file  =  
#        C:\SiliconLabs\Thread-1.0.1\app\Thread_Sample_Server\build\obj\tftp-bootloader-15-4.o
#
###############################################################################

C:\SiliconLabs\Thread-1.0.1\app\util\bootload\tftp-bootloader\tftp-bootloader-15-4.c
      1          // File: tftp-bootloader-15-4.c
      2          //
      3          // Description: non-POSIX tftp-bootloader functionality
      4          //
      5          // Copyright 2013 by Silicon Laboratories. All rights reserved.             *80*
      6          
      7          #include PLATFORM_HEADER
      8          #include "stack/include/ember.h"
      9          #include "stack/core/ember-stack.h"
     10          #include "stack/ip/dispatch.h"
     11          #include "stack/ip/ip-header.h"
     12          #include "app/util/bootload/tftp-bootloader/tftp-bootloader.h"
     13          

   \                                 In section .text, align 2, keep-with-next
     14          bool emSendTftpBootloaderPacket(const uint8_t *payload, uint16_t payloadLength)
     15          {
   \                     emSendTftpBootloaderPacket: (+1)
   \   00000000   0xB570             PUSH     {R4-R6,LR}
     16            Ipv6Header ipHeader;
     17            assert(emTftpBootloaderRemoteAddress != NULL_BUFFER);
   \   00000002   0x....             LDR.N    R6,??DataTable1
   \   00000004   0x4604             MOV      R4,R0
   \   00000006   0x8830             LDRH     R0,[R6, #+0]
   \   00000008   0xB098             SUB      SP,SP,#+96
   \   0000000A   0x460D             MOV      R5,R1
   \   0000000C   0xB920             CBNZ.N   R0,??emSendTftpBootloaderPacket_0
   \   0000000E   0x2111             MOVS     R1,#+17
   \   00000010   0x.... 0x....      ADR.W    R0,?_0
   \   00000014   0x.... 0x....      BL       halInternalAssertFailed
     18            const uint8_t *remoteAddress = emGetBufferPointer(emTftpBootloaderRemoteAddress);
   \                     ??emSendTftpBootloaderPacket_0: (+1)
   \   00000018   0x8830             LDRH     R0,[R6, #+0]
   \   0000001A   0x.... 0x....      BL       emGetBufferPointer
     19            PacketHeader query = emMakeUdpHeader(&ipHeader,
     20                                                 IP_HEADER_NO_OPTIONS,
     21                                                 remoteAddress,
     22                                                 255,
     23                                                 TFTP_BOOTLOADER_PORT,
     24                                                 TFTP_BOOTLOADER_PORT,
     25                                                 (uint8_t*)payload,
     26                                                 payloadLength,
     27                                                 0);
   \   0000001E   0x9504             STR      R5,[SP, #+16]
   \   00000020   0x2100             MOVS     R1,#+0
   \   00000022   0x9105             STR      R1,[SP, #+20]
   \   00000024   0x4603             MOV      R3,R0
   \   00000026   0x2144             MOVS     R1,#+68
   \   00000028   0x9102             STR      R1,[SP, #+8]
   \   0000002A   0x9101             STR      R1,[SP, #+4]
   \   0000002C   0x9403             STR      R4,[SP, #+12]
   \   0000002E   0x21FF             MOVS     R1,#+255
   \   00000030   0x9100             STR      R1,[SP, #+0]
   \   00000032   0x2200             MOVS     R2,#+0
   \   00000034   0x2100             MOVS     R1,#+0
   \   00000036   0xA806             ADD      R0,SP,#+24
   \   00000038   0x.... 0x....      BL       emMakeTaggedUdpHeader
     28            return emSubmitIpHeader(query, &ipHeader);
   \   0000003C   0x2100             MOVS     R1,#+0
   \   0000003E   0x9100             STR      R1,[SP, #+0]
   \   00000040   0x23FF             MOVS     R3,#+255
   \   00000042   0x2201             MOVS     R2,#+1
   \   00000044   0xA906             ADD      R1,SP,#+24
   \   00000046   0x.... 0x....      BL       emReallySubmitIpHeader
   \   0000004A   0xB018             ADD      SP,SP,#+96
   \   0000004C   0xBD70             POP      {R4-R6,PC}       ;; return
     29          }

   \                                 In section .text, align 4, keep-with-next
   \                     ??DataTable1:
   \   00000000   0x........         DC32     emTftpBootloaderRemoteAddress

   \                                 In section .text, align 4, keep-with-next
   \                     ?_0:
   \   00000000   0x74 0x66          DC8 "tftp-bootloader-15-4.c"
   \              0x74 0x70    
   \              0x2D 0x62    
   \              0x6F 0x6F    
   \              0x74 0x6C    
   \              0x6F 0x61    
   \              0x64 0x65    
   \              0x72 0x2D    
   \              0x31 0x35    
   \              0x2D 0x34    
   \              0x2E 0x63    
   \              0x00         
   \   00000017   0x00               DC8 0

   Maximum stack usage in bytes:

   .cstack Function
   ------- --------
     112   emSendTftpBootloaderPacket
       112   -> emGetBufferPointer
       112   -> emMakeTaggedUdpHeader
       112   -> emReallySubmitIpHeader
       112   -> halInternalAssertFailed


   Section sizes:

   Bytes  Function/Label
   -----  --------------
       4  ??DataTable1
      24  ?_0
      78  emSendTftpBootloaderPacket

 
 106 bytes in section .text
 
 106 bytes of CODE memory

Errors: none
Warnings: none
