###############################################################################
#
# IAR ANSI C/C++ Compiler V7.30.1.7746/W32 for ARM        28/Sep/2015  13:29:35
# Copyright 1999-2014 IAR Systems AB.
#
#    Cpu mode     =  thumb
#    Endian       =  little
#    Source file  =  
#        C:\SiliconLabs\Thread-1.0.1\app\Thread_Sample_Server\thread-events.c
#    Command line =  
#        C:\SiliconLabs\Thread-1.0.1\app\Thread_Sample_Server\thread-events.c
#        -D APP_BTL -D CORTEXM3 -D CORTEXM3_EMBER_MICRO -D CORTEXM3_EM3588 -D
#        PHY_EM3XX -D "BOARD_HEADER=\"thread-board.h\"" -D
#        "CONFIGURATION_HEADER=\"thread-configuration.h\"" -D
#        "PLATFORM_HEADER=\"hal/micro/cortexm3/compiler/iar.h\"" -D
#        "__SOURCEFILE__=\"thread-events.c\"" -D BOARD_DEV0680ETM -D
#        "EMBER_AF_API_EMBER_TYPES=\"stack/include/ember-types.h\"" -D
#        EMBER_STACK_IP -D EMBER_RIP_STACK -D HAVE_TLS_JPAKE -D
#        DEBUG_LEVEL=FULL_DEBUG -D
#        "APPLICATION_TOKEN_HEADER=\"thread-token.h\"" -lC
#        C:\SiliconLabs\Thread-1.0.1\app\Thread_Sample_Server\build\lst\
#        --diag_suppress Pa050 -o
#        C:\SiliconLabs\Thread-1.0.1\app\Thread_Sample_Server\build\obj\
#        --debug --endian=little --cpu=Cortex-M3 --no_path_in_file_macros
#        --separate_cluster_for_initialized_variables -e --fpu=None
#        --dlib_config "C:\Program Files (x86)\IAR Systems\Embedded Workbench
#        7.0\arm\INC\c\DLib_Config_Normal.h" -I
#        C:\SiliconLabs\Thread-1.0.1\app\Thread_Sample_Server\ -I
#        C:\SiliconLabs\Thread-1.0.1\app\Thread_Sample_Server\ -I
#        C:\SiliconLabs\Thread-1.0.1\app\Thread_Sample_Server\..\..\ -I
#        C:\SiliconLabs\Thread-1.0.1\app\Thread_Sample_Server\..\..\app\util\
#        -I C:\SiliconLabs\Thread-1.0.1\app\Thread_Sample_Server\..\..\stack\
#        -I C:\SiliconLabs\Thread-1.0.1\app\Thread_Sample_Server\..\..\hal\ -I
#        C:\SiliconLabs\Thread-1.0.1\app\Thread_Sample_Server\..\..\hal\..\
#        -Ohz --use_c++_inline
#    List file    =  
#        C:\SiliconLabs\Thread-1.0.1\app\Thread_Sample_Server\build\lst\thread-events.lst
#    Object file  =  
#        C:\SiliconLabs\Thread-1.0.1\app\Thread_Sample_Server\build\obj\thread-events.o
#
###############################################################################

C:\SiliconLabs\Thread-1.0.1\app\Thread_Sample_Server\thread-events.c
      1          // This file is generated by Ember Desktop.  Please do not edit manually.
      2          //
      3          //
      4          
      5          // Enclosing macro to prevent multiple inclusion
      6          #ifndef __THREAD_EVENTS__
      7          #define __THREAD_EVENTS__
      8          
      9          
     10          // Generated events.
     11          #include PLATFORM_HEADER
     12          #include "stack/include/ember-types.h"
     13          #include "hal/hal.h"
     14          
     15          
     16          void stateEventHandler(void);
     17          extern EmberEventControl stateEventControl;
     18          
     19          void emBootloadEventHandler(void);
     20          extern EmberEventControl emBootloadEvent;
     21          
     22          
     23          

   \                                 In section .rodata, align 4, keep-with-next
     24          const EmberEventData emAppEvents[] = {
   \                     emAppEvents:
   \   00000000   0x........         DC32 stateEventControl, stateEventHandler, emBootloadEvent
   \              0x........   
   \              0x........   
   \   0000000C   0x........         DC32 emBootloadEventHandler, 0H, 0H
   \              0x00000000   
   \              0x00000000   
     25            {&stateEventControl, stateEventHandler},
     26            {&emBootloadEvent, emBootloadEventHandler},
     27            {NULL, NULL}
     28          };
     29          #endif // __THREAD_EVENTS__


   Section sizes:

   Bytes  Function/Label
   -----  --------------
      24  emAppEvents

 
 24 bytes in section .rodata
 
 24 bytes of CONST memory

Errors: none
Warnings: none
